{"D:\\Projects\\fridgewise\\fridgewise\\app\\+not-found.tsx": {"path":"D:\\Projects\\fridgewise\\fridgewise\\app\\+not-found.tsx","statementMap":{"0":{"start":{"line":8,"column":2},"end":{"line":18,"column":4}},"1":{"start":{"line":21,"column":15},"end":{"line":32,"column":2}}},"fnMap":{"0":{"name":"NotFoundScreen","decl":{"start":{"line":7,"column":24},"end":{"line":7,"column":38}},"loc":{"start":{"line":7,"column":41},"end":{"line":19,"column":1}},"line":7}},"branchMap":{},"s":{"0":0,"1":0},"f":{"0":0},"b":{}}
,"D:\\Projects\\fridgewise\\fridgewise\\app\\_layout.tsx": {"path":"D:\\Projects\\fridgewise\\fridgewise\\app\\_layout.tsx","statementMap":{"0":{"start":{"line":18,"column":25},"end":{"line":23,"column":1}},"1":{"start":{"line":19,"column":2},"end":{"line":21,"column":3}},"2":{"start":{"line":20,"column":4},"end":{"line":20,"column":14}},"3":{"start":{"line":22,"column":2},"end":{"line":22,"column":22}},"4":{"start":{"line":26,"column":22},"end":{"line":26,"column":38}},"5":{"start":{"line":27,"column":19},"end":{"line":29,"column":4}},"6":{"start":{"line":31,"column":2},"end":{"line":33,"column":3}},"7":{"start":{"line":32,"column":4},"end":{"line":32,"column":16}},"8":{"start":{"line":35,"column":2},"end":{"line":55,"column":4}}},"fnMap":{"0":{"name":"(anonymous_0)","decl":{"start":{"line":18,"column":25},"end":{"line":18,"column":26}},"loc":{"start":{"line":18,"column":72},"end":{"line":23,"column":1}},"line":18},"1":{"name":"RootLayout","decl":{"start":{"line":25,"column":24},"end":{"line":25,"column":34}},"loc":{"start":{"line":25,"column":37},"end":{"line":56,"column":1}},"line":25}},"branchMap":{"0":{"loc":{"start":{"line":19,"column":2},"end":{"line":21,"column":3}},"type":"if","locations":[{"start":{"line":19,"column":2},"end":{"line":21,"column":3}},{"start":{},"end":{}}],"line":19},"1":{"loc":{"start":{"line":19,"column":6},"end":{"line":19,"column":41}},"type":"binary-expr","locations":[{"start":{"line":19,"column":6},"end":{"line":19,"column":24}},{"start":{"line":19,"column":28},"end":{"line":19,"column":41}}],"line":19},"2":{"loc":{"start":{"line":31,"column":2},"end":{"line":33,"column":3}},"type":"if","locations":[{"start":{"line":31,"column":2},"end":{"line":33,"column":3}},{"start":{},"end":{}}],"line":31},"3":{"loc":{"start":{"line":41,"column":21},"end":{"line":41,"column":70}},"type":"cond-expr","locations":[{"start":{"line":41,"column":46},"end":{"line":41,"column":55}},{"start":{"line":41,"column":58},"end":{"line":41,"column":70}}],"line":41}},"s":{"0":0,"1":0,"2":0,"3":0,"4":0,"5":0,"6":0,"7":0,"8":0},"f":{"0":0,"1":0},"b":{"0":[0,0],"1":[0,0],"2":[0,0],"3":[0,0]}}
,"D:\\Projects\\fridgewise\\fridgewise\\app\\index.tsx": {"path":"D:\\Projects\\fridgewise\\fridgewise\\app\\index.tsx","statementMap":{"0":{"start":{"line":4,"column":2},"end":{"line":4,"column":26}}},"fnMap":{"0":{"name":"Index","decl":{"start":{"line":3,"column":24},"end":{"line":3,"column":29}},"loc":{"start":{"line":3,"column":32},"end":{"line":5,"column":1}},"line":3}},"branchMap":{},"s":{"0":0},"f":{"0":0},"b":{}}
,"D:\\Projects\\fridgewise\\fridgewise\\app\\(auth)\\_layout.tsx": {"path":"D:\\Projects\\fridgewise\\fridgewise\\app\\(auth)\\_layout.tsx","statementMap":{"0":{"start":{"line":7,"column":2},"end":{"line":15,"column":4}}},"fnMap":{"0":{"name":"AuthLayout","decl":{"start":{"line":6,"column":24},"end":{"line":6,"column":34}},"loc":{"start":{"line":6,"column":37},"end":{"line":16,"column":1}},"line":6}},"branchMap":{},"s":{"0":0},"f":{"0":0},"b":{}}
,"D:\\Projects\\fridgewise\\fridgewise\\app\\(auth)\\login.tsx": {"path":"D:\\Projects\\fridgewise\\fridgewise\\app\\(auth)\\login.tsx","statementMap":{"0":{"start":{"line":20,"column":53},"end":{"line":20,"column":77}},"1":{"start":{"line":23,"column":28},"end":{"line":23,"column":40}},"2":{"start":{"line":24,"column":34},"end":{"line":24,"column":46}},"3":{"start":{"line":25,"column":32},"end":{"line":25,"column":47}},"4":{"start":{"line":26,"column":42},"end":{"line":26,"column":57}},"5":{"start":{"line":27,"column":21},"end":{"line":27,"column":30}},"6":{"start":{"line":28,"column":17},"end":{"line":28,"column":36}},"7":{"start":{"line":29,"column":22},"end":{"line":29,"column":38}},"8":{"start":{"line":30,"column":42},"end":{"line":30,"column":57}},"9":{"start":{"line":31,"column":48},"end":{"line":31,"column":63}},"10":{"start":{"line":33,"column":22},"end":{"line":48,"column":3}},"11":{"start":{"line":34,"column":4},"end":{"line":37,"column":5}},"12":{"start":{"line":35,"column":6},"end":{"line":35,"column":47}},"13":{"start":{"line":36,"column":6},"end":{"line":36,"column":13}},"14":{"start":{"line":39,"column":4},"end":{"line":39,"column":21}},"15":{"start":{"line":40,"column":4},"end":{"line":47,"column":5}},"16":{"start":{"line":41,"column":6},"end":{"line":41,"column":36}},"17":{"start":{"line":42,"column":6},"end":{"line":42,"column":32}},"18":{"start":{"line":46,"column":6},"end":{"line":46,"column":24}},"19":{"start":{"line":50,"column":2},"end":{"line":154,"column":4}},"20":{"start":{"line":55,"column":25},"end":{"line":55,"column":58}},"21":{"start":{"line":86,"column":31},"end":{"line":86,"column":52}},"22":{"start":{"line":87,"column":30},"end":{"line":87,"column":52}},"23":{"start":{"line":112,"column":31},"end":{"line":112,"column":55}},"24":{"start":{"line":113,"column":30},"end":{"line":113,"column":55}},"25":{"start":{"line":116,"column":31},"end":{"line":116,"column":61}},"26":{"start":{"line":157,"column":15},"end":{"line":269,"column":2}}},"fnMap":{"0":{"name":"LoginScreen","decl":{"start":{"line":22,"column":24},"end":{"line":22,"column":35}},"loc":{"start":{"line":22,"column":38},"end":{"line":155,"column":1}},"line":22},"1":{"name":"(anonymous_1)","decl":{"start":{"line":33,"column":22},"end":{"line":33,"column":23}},"loc":{"start":{"line":33,"column":34},"end":{"line":48,"column":3}},"line":33},"2":{"name":"(anonymous_2)","decl":{"start":{"line":55,"column":19},"end":{"line":55,"column":20}},"loc":{"start":{"line":55,"column":25},"end":{"line":55,"column":58}},"line":55},"3":{"name":"(anonymous_3)","decl":{"start":{"line":86,"column":25},"end":{"line":86,"column":26}},"loc":{"start":{"line":86,"column":31},"end":{"line":86,"column":52}},"line":86},"4":{"name":"(anonymous_4)","decl":{"start":{"line":87,"column":24},"end":{"line":87,"column":25}},"loc":{"start":{"line":87,"column":30},"end":{"line":87,"column":52}},"line":87},"5":{"name":"(anonymous_5)","decl":{"start":{"line":112,"column":25},"end":{"line":112,"column":26}},"loc":{"start":{"line":112,"column":31},"end":{"line":112,"column":55}},"line":112},"6":{"name":"(anonymous_6)","decl":{"start":{"line":113,"column":24},"end":{"line":113,"column":25}},"loc":{"start":{"line":113,"column":30},"end":{"line":113,"column":55}},"line":113},"7":{"name":"(anonymous_7)","decl":{"start":{"line":116,"column":25},"end":{"line":116,"column":26}},"loc":{"start":{"line":116,"column":31},"end":{"line":116,"column":61}},"line":116}},"branchMap":{"0":{"loc":{"start":{"line":34,"column":4},"end":{"line":37,"column":5}},"type":"if","locations":[{"start":{"line":34,"column":4},"end":{"line":37,"column":5}},{"start":{},"end":{}}],"line":34},"1":{"loc":{"start":{"line":34,"column":8},"end":{"line":34,"column":27}},"type":"binary-expr","locations":[{"start":{"line":34,"column":8},"end":{"line":34,"column":14}},{"start":{"line":34,"column":18},"end":{"line":34,"column":27}}],"line":34},"2":{"loc":{"start":{"line":67,"column":16},"end":{"line":67,"column":56}},"type":"binary-expr","locations":[{"start":{"line":67,"column":16},"end":{"line":67,"column":28}},{"start":{"line":67,"column":32},"end":{"line":67,"column":56}}],"line":67},"3":{"loc":{"start":{"line":94,"column":16},"end":{"line":94,"column":59}},"type":"binary-expr","locations":[{"start":{"line":94,"column":16},"end":{"line":94,"column":31}},{"start":{"line":94,"column":35},"end":{"line":94,"column":59}}],"line":94},"4":{"loc":{"start":{"line":119,"column":18},"end":{"line":119,"column":66}},"type":"cond-expr","locations":[{"start":{"line":119,"column":33},"end":{"line":119,"column":48}},{"start":{"line":119,"column":51},"end":{"line":119,"column":66}}],"line":119},"5":{"loc":{"start":{"line":123,"column":24},"end":{"line":123,"column":72}},"type":"cond-expr","locations":[{"start":{"line":123,"column":39},"end":{"line":123,"column":52}},{"start":{"line":123,"column":55},"end":{"line":123,"column":72}}],"line":123},"6":{"loc":{"start":{"line":138,"column":37},"end":{"line":138,"column":69}},"type":"binary-expr","locations":[{"start":{"line":138,"column":37},"end":{"line":138,"column":44}},{"start":{"line":138,"column":48},"end":{"line":138,"column":69}}],"line":138},"7":{"loc":{"start":{"line":144,"column":15},"end":{"line":148,"column":15}},"type":"cond-expr","locations":[{"start":{"line":145,"column":16},"end":{"line":145,"column":53}},{"start":{"line":147,"column":16},"end":{"line":147,"column":62}}],"line":144}},"s":{"0":1,"1":0,"2":0,"3":0,"4":0,"5":0,"6":0,"7":0,"8":0,"9":0,"10":0,"11":0,"12":0,"13":0,"14":0,"15":0,"16":0,"17":0,"18":0,"19":0,"20":0,"21":0,"22":0,"23":0,"24":0,"25":0,"26":1},"f":{"0":0,"1":0,"2":0,"3":0,"4":0,"5":0,"6":0,"7":0},"b":{"0":[0,0],"1":[0,0],"2":[0,0],"3":[0,0],"4":[0,0],"5":[0,0],"6":[0,0],"7":[0,0]},"_coverageSchema":"1a1c01bbd47fc00a2c39e90264f33305004495a9","hash":"c14a61b60f190fa8cb2bf6c91c815466b0897e26"}
,"D:\\Projects\\fridgewise\\fridgewise\\app\\(auth)\\signup.tsx": {"path":"D:\\Projects\\fridgewise\\fridgewise\\app\\(auth)\\signup.tsx","statementMap":{"0":{"start":{"line":23,"column":53},"end":{"line":23,"column":77}},"1":{"start":{"line":25,"column":20},"end":{"line":25,"column":29}},"2":{"start":{"line":26,"column":20},"end":{"line":26,"column":26}},"3":{"start":{"line":27,"column":21},"end":{"line":27,"column":30}},"4":{"start":{"line":28,"column":23},"end":{"line":28,"column":47}},"5":{"start":{"line":35,"column":2},"end":{"line":35,"column":56}},"6":{"start":{"line":35,"column":17},"end":{"line":35,"column":56}},"7":{"start":{"line":36,"column":2},"end":{"line":36,"column":70}},"8":{"start":{"line":36,"column":27},"end":{"line":36,"column":70}},"9":{"start":{"line":37,"column":2},"end":{"line":38,"column":49}},"10":{"start":{"line":38,"column":4},"end":{"line":38,"column":49}},"11":{"start":{"line":39,"column":2},"end":{"line":39,"column":73}},"12":{"start":{"line":39,"column":28},"end":{"line":39,"column":73}},"13":{"start":{"line":40,"column":2},"end":{"line":40,"column":45}},"14":{"start":{"line":44,"column":34},"end":{"line":44,"column":46}},"15":{"start":{"line":45,"column":28},"end":{"line":45,"column":40}},"16":{"start":{"line":46,"column":34},"end":{"line":46,"column":46}},"17":{"start":{"line":47,"column":48},"end":{"line":47,"column":60}},"18":{"start":{"line":48,"column":32},"end":{"line":48,"column":47}},"19":{"start":{"line":49,"column":42},"end":{"line":49,"column":57}},"20":{"start":{"line":50,"column":56},"end":{"line":50,"column":71}},"21":{"start":{"line":51,"column":44},"end":{"line":51,"column":59}},"22":{"start":{"line":52,"column":21},"end":{"line":52,"column":30}},"23":{"start":{"line":53,"column":17},"end":{"line":53,"column":36}},"24":{"start":{"line":54,"column":22},"end":{"line":54,"column":38}},"25":{"start":{"line":55,"column":48},"end":{"line":55,"column":63}},"26":{"start":{"line":56,"column":42},"end":{"line":56,"column":57}},"27":{"start":{"line":57,"column":48},"end":{"line":57,"column":63}},"28":{"start":{"line":58,"column":62},"end":{"line":58,"column":77}},"29":{"start":{"line":59,"column":30},"end":{"line":59,"column":69}},"30":{"start":{"line":60,"column":21},"end":{"line":60,"column":52}},"31":{"start":{"line":61,"column":20},"end":{"line":61,"column":44}},"32":{"start":{"line":62,"column":27},"end":{"line":62,"column":58}},"33":{"start":{"line":64,"column":2},"end":{"line":70,"column":9}},"34":{"start":{"line":65,"column":4},"end":{"line":69,"column":15}},"35":{"start":{"line":72,"column":2},"end":{"line":93,"column":23}},"36":{"start":{"line":73,"column":29},"end":{"line":79,"column":5}},"37":{"start":{"line":74,"column":6},"end":{"line":78,"column":17}},"38":{"start":{"line":80,"column":29},"end":{"line":86,"column":5}},"39":{"start":{"line":81,"column":6},"end":{"line":85,"column":17}},"40":{"start":{"line":87,"column":20},"end":{"line":87,"column":78}},"41":{"start":{"line":88,"column":20},"end":{"line":88,"column":78}},"42":{"start":{"line":89,"column":4},"end":{"line":92,"column":6}},"43":{"start":{"line":90,"column":6},"end":{"line":90,"column":23}},"44":{"start":{"line":91,"column":6},"end":{"line":91,"column":23}},"45":{"start":{"line":96,"column":49},"end":{"line":96,"column":51}},"46":{"start":{"line":97,"column":4},"end":{"line":97,"column":73}},"47":{"start":{"line":97,"column":26},"end":{"line":97,"column":73}},"48":{"start":{"line":98,"column":4},"end":{"line":99,"column":54}},"49":{"start":{"line":99,"column":6},"end":{"line":99,"column":54}},"50":{"start":{"line":100,"column":4},"end":{"line":101,"column":69}},"51":{"start":{"line":101,"column":6},"end":{"line":101,"column":69}},"52":{"start":{"line":102,"column":4},"end":{"line":103,"column":60}},"53":{"start":{"line":103,"column":6},"end":{"line":103,"column":60}},"54":{"start":{"line":104,"column":4},"end":{"line":104,"column":73}},"55":{"start":{"line":104,"column":24},"end":{"line":104,"column":73}},"56":{"start":{"line":105,"column":4},"end":{"line":105,"column":25}},"57":{"start":{"line":106,"column":4},"end":{"line":106,"column":47}},"58":{"start":{"line":109,"column":23},"end":{"line":123,"column":3}},"59":{"start":{"line":110,"column":4},"end":{"line":110,"column":28}},"60":{"start":{"line":110,"column":21},"end":{"line":110,"column":28}},"61":{"start":{"line":111,"column":4},"end":{"line":111,"column":21}},"62":{"start":{"line":112,"column":4},"end":{"line":122,"column":5}},"63":{"start":{"line":113,"column":6},"end":{"line":113,"column":46}},"64":{"start":{"line":114,"column":6},"end":{"line":116,"column":8}},"65":{"start":{"line":117,"column":6},"end":{"line":117,"column":38}},"66":{"start":{"line":121,"column":6},"end":{"line":121,"column":24}},"67":{"start":{"line":125,"column":27},"end":{"line":125,"column":56}},"68":{"start":{"line":127,"column":2},"end":{"line":223,"column":4}},"69":{"start":{"line":208,"column":37},"end":{"line":208,"column":61}},"70":{"start":{"line":209,"column":36},"end":{"line":209,"column":61}},"71":{"start":{"line":226,"column":15},"end":{"line":396,"column":2}}},"fnMap":{"0":{"name":"getPasswordStrength","decl":{"start":{"line":31,"column":9},"end":{"line":31,"column":28}},"loc":{"start":{"line":34,"column":2},"end":{"line":41,"column":1}},"line":34},"1":{"name":"SignUpScreen","decl":{"start":{"line":43,"column":24},"end":{"line":43,"column":36}},"loc":{"start":{"line":43,"column":39},"end":{"line":224,"column":1}},"line":43},"2":{"name":"(anonymous_2)","decl":{"start":{"line":64,"column":12},"end":{"line":64,"column":13}},"loc":{"start":{"line":64,"column":18},"end":{"line":70,"column":3}},"line":64},"3":{"name":"(anonymous_3)","decl":{"start":{"line":72,"column":12},"end":{"line":72,"column":13}},"loc":{"start":{"line":72,"column":18},"end":{"line":93,"column":3}},"line":72},"4":{"name":"(anonymous_4)","decl":{"start":{"line":73,"column":29},"end":{"line":73,"column":30}},"loc":{"start":{"line":73,"column":41},"end":{"line":79,"column":5}},"line":73},"5":{"name":"(anonymous_5)","decl":{"start":{"line":80,"column":29},"end":{"line":80,"column":30}},"loc":{"start":{"line":80,"column":35},"end":{"line":86,"column":5}},"line":80},"6":{"name":"(anonymous_6)","decl":{"start":{"line":89,"column":11},"end":{"line":89,"column":12}},"loc":{"start":{"line":89,"column":17},"end":{"line":92,"column":5}},"line":89},"7":{"name":"validate","decl":{"start":{"line":95,"column":11},"end":{"line":95,"column":19}},"loc":{"start":{"line":95,"column":22},"end":{"line":107,"column":3}},"line":95},"8":{"name":"(anonymous_8)","decl":{"start":{"line":109,"column":23},"end":{"line":109,"column":24}},"loc":{"start":{"line":109,"column":35},"end":{"line":123,"column":3}},"line":109},"9":{"name":"(anonymous_9)","decl":{"start":{"line":208,"column":31},"end":{"line":208,"column":32}},"loc":{"start":{"line":208,"column":37},"end":{"line":208,"column":61}},"line":208},"10":{"name":"(anonymous_10)","decl":{"start":{"line":209,"column":30},"end":{"line":209,"column":31}},"loc":{"start":{"line":209,"column":36},"end":{"line":209,"column":61}},"line":209}},"branchMap":{"0":{"loc":{"start":{"line":35,"column":2},"end":{"line":35,"column":56}},"type":"if","locations":[{"start":{"line":35,"column":2},"end":{"line":35,"column":56}},{"start":{},"end":{}}],"line":35},"1":{"loc":{"start":{"line":36,"column":2},"end":{"line":36,"column":70}},"type":"if","locations":[{"start":{"line":36,"column":2},"end":{"line":36,"column":70}},{"start":{},"end":{}}],"line":36},"2":{"loc":{"start":{"line":37,"column":2},"end":{"line":38,"column":49}},"type":"if","locations":[{"start":{"line":37,"column":2},"end":{"line":38,"column":49}},{"start":{},"end":{}}],"line":37},"3":{"loc":{"start":{"line":39,"column":2},"end":{"line":39,"column":73}},"type":"if","locations":[{"start":{"line":39,"column":2},"end":{"line":39,"column":73}},{"start":{},"end":{}}],"line":39},"4":{"loc":{"start":{"line":97,"column":4},"end":{"line":97,"column":73}},"type":"if","locations":[{"start":{"line":97,"column":4},"end":{"line":97,"column":73}},{"start":{},"end":{}}],"line":97},"5":{"loc":{"start":{"line":98,"column":4},"end":{"line":99,"column":54}},"type":"if","locations":[{"start":{"line":98,"column":4},"end":{"line":99,"column":54}},{"start":{},"end":{}}],"line":98},"6":{"loc":{"start":{"line":100,"column":4},"end":{"line":101,"column":69}},"type":"if","locations":[{"start":{"line":100,"column":4},"end":{"line":101,"column":69}},{"start":{},"end":{}}],"line":100},"7":{"loc":{"start":{"line":102,"column":4},"end":{"line":103,"column":60}},"type":"if","locations":[{"start":{"line":102,"column":4},"end":{"line":103,"column":60}},{"start":{},"end":{}}],"line":102},"8":{"loc":{"start":{"line":104,"column":4},"end":{"line":104,"column":73}},"type":"if","locations":[{"start":{"line":104,"column":4},"end":{"line":104,"column":73}},{"start":{},"end":{}}],"line":104},"9":{"loc":{"start":{"line":110,"column":4},"end":{"line":110,"column":28}},"type":"if","locations":[{"start":{"line":110,"column":4},"end":{"line":110,"column":28}},{"start":{},"end":{}}],"line":110},"10":{"loc":{"start":{"line":133,"column":20},"end":{"line":133,"column":65}},"type":"cond-expr","locations":[{"start":{"line":133,"column":44},"end":{"line":133,"column":53}},{"start":{"line":133,"column":56},"end":{"line":133,"column":65}}],"line":133},"11":{"loc":{"start":{"line":134,"column":34},"end":{"line":134,"column":64}},"type":"cond-expr","locations":[{"start":{"line":134,"column":58},"end":{"line":134,"column":60}},{"start":{"line":134,"column":63},"end":{"line":134,"column":64}}],"line":134},"12":{"loc":{"start":{"line":189,"column":22},"end":{"line":189,"column":65}},"type":"binary-expr","locations":[{"start":{"line":189,"column":22},"end":{"line":189,"column":37}},{"start":{"line":189,"column":41},"end":{"line":189,"column":65}}],"line":189},"13":{"loc":{"start":{"line":190,"column":22},"end":{"line":190,"column":63}},"type":"binary-expr","locations":[{"start":{"line":190,"column":22},"end":{"line":190,"column":37}},{"start":{"line":190,"column":41},"end":{"line":190,"column":63}}],"line":190},"14":{"loc":{"start":{"line":213,"column":19},"end":{"line":215,"column":19}},"type":"binary-expr","locations":[{"start":{"line":213,"column":19},"end":{"line":213,"column":34}},{"start":{"line":214,"column":20},"end":{"line":214,"column":75}}],"line":213}},"s":{"0":1,"1":1,"2":1,"3":1,"4":1,"5":0,"6":0,"7":0,"8":0,"9":0,"10":0,"11":0,"12":0,"13":0,"14":0,"15":0,"16":0,"17":0,"18":0,"19":0,"20":0,"21":0,"22":0,"23":0,"24":0,"25":0,"26":0,"27":0,"28":0,"29":0,"30":0,"31":0,"32":0,"33":0,"34":0,"35":0,"36":0,"37":0,"38":0,"39":0,"40":0,"41":0,"42":0,"43":0,"44":0,"45":0,"46":0,"47":0,"48":0,"49":0,"50":0,"51":0,"52":0,"53":0,"54":0,"55":0,"56":0,"57":0,"58":0,"59":0,"60":0,"61":0,"62":0,"63":0,"64":0,"65":0,"66":0,"67":0,"68":0,"69":0,"70":0,"71":1},"f":{"0":0,"1":0,"2":0,"3":0,"4":0,"5":0,"6":0,"7":0,"8":0,"9":0,"10":0},"b":{"0":[0,0],"1":[0,0],"2":[0,0],"3":[0,0],"4":[0,0],"5":[0,0],"6":[0,0],"7":[0,0],"8":[0,0],"9":[0,0],"10":[0,0],"11":[0,0],"12":[0,0],"13":[0,0],"14":[0,0]},"_coverageSchema":"1a1c01bbd47fc00a2c39e90264f33305004495a9","hash":"727bb2e4d493b8d07da0118a4be1c3f2d0c78709"}
,"D:\\Projects\\fridgewise\\fridgewise\\app\\(auth)\\welcome.tsx": {"path":"D:\\Projects\\fridgewise\\fridgewise\\app\\(auth)\\welcome.tsx","statementMap":{"0":{"start":{"line":22,"column":40},"end":{"line":22,"column":64}},"1":{"start":{"line":25,"column":17},"end":{"line":25,"column":28}},"2":{"start":{"line":26,"column":17},"end":{"line":26,"column":39}},"3":{"start":{"line":27,"column":21},"end":{"line":27,"column":30}},"4":{"start":{"line":28,"column":36},"end":{"line":28,"column":51}},"5":{"start":{"line":29,"column":28},"end":{"line":29,"column":40}},"6":{"start":{"line":30,"column":34},"end":{"line":30,"column":46}},"7":{"start":{"line":31,"column":32},"end":{"line":31,"column":47}},"8":{"start":{"line":32,"column":42},"end":{"line":32,"column":57}},"9":{"start":{"line":33,"column":42},"end":{"line":33,"column":57}},"10":{"start":{"line":34,"column":48},"end":{"line":34,"column":63}},"11":{"start":{"line":35,"column":20},"end":{"line":35,"column":57}},"12":{"start":{"line":36,"column":22},"end":{"line":36,"column":59}},"13":{"start":{"line":37,"column":19},"end":{"line":37,"column":56}},"14":{"start":{"line":38,"column":19},"end":{"line":38,"column":56}},"15":{"start":{"line":39,"column":26},"end":{"line":39,"column":63}},"16":{"start":{"line":40,"column":44},"end":{"line":40,"column":59}},"17":{"start":{"line":43,"column":2},"end":{"line":48,"column":22}},"18":{"start":{"line":44,"column":4},"end":{"line":46,"column":5}},"19":{"start":{"line":45,"column":6},"end":{"line":45,"column":20}},"20":{"start":{"line":51,"column":4},"end":{"line":51,"column":37}},"21":{"start":{"line":54,"column":4},"end":{"line":87,"column":7}},"22":{"start":{"line":60,"column":6},"end":{"line":60,"column":25}},"23":{"start":{"line":61,"column":6},"end":{"line":86,"column":17}},"24":{"start":{"line":90,"column":4},"end":{"line":124,"column":7}},"25":{"start":{"line":116,"column":6},"end":{"line":116,"column":26}},"26":{"start":{"line":117,"column":6},"end":{"line":117,"column":28}},"27":{"start":{"line":118,"column":6},"end":{"line":123,"column":17}},"28":{"start":{"line":125,"column":4},"end":{"line":125,"column":28}},"29":{"start":{"line":128,"column":4},"end":{"line":131,"column":5}},"30":{"start":{"line":129,"column":6},"end":{"line":129,"column":29}},"31":{"start":{"line":130,"column":6},"end":{"line":130,"column":13}},"32":{"start":{"line":132,"column":4},"end":{"line":132,"column":21}},"33":{"start":{"line":133,"column":4},"end":{"line":140,"column":5}},"34":{"start":{"line":134,"column":6},"end":{"line":134,"column":36}},"35":{"start":{"line":135,"column":6},"end":{"line":135,"column":32}},"36":{"start":{"line":137,"column":6},"end":{"line":137,"column":29}},"37":{"start":{"line":139,"column":6},"end":{"line":139,"column":24}},"38":{"start":{"line":144,"column":33},"end":{"line":144,"column":57}},"39":{"start":{"line":145,"column":21},"end":{"line":145,"column":24}},"40":{"start":{"line":146,"column":20},"end":{"line":163,"column":3}},"41":{"start":{"line":166,"column":23},"end":{"line":172,"column":3}},"42":{"start":{"line":175,"column":24},"end":{"line":184,"column":3}},"43":{"start":{"line":187,"column":28},"end":{"line":197,"column":3}},"44":{"start":{"line":201,"column":17},"end":{"line":201,"column":60}},"45":{"start":{"line":202,"column":17},"end":{"line":202,"column":60}},"46":{"start":{"line":203,"column":17},"end":{"line":203,"column":60}},"47":{"start":{"line":205,"column":4},"end":{"line":236,"column":27}},"48":{"start":{"line":206,"column":22},"end":{"line":229,"column":7}},"49":{"start":{"line":207,"column":8},"end":{"line":228,"column":11}},"50":{"start":{"line":224,"column":10},"end":{"line":224,"column":27}},"51":{"start":{"line":225,"column":10},"end":{"line":225,"column":27}},"52":{"start":{"line":226,"column":10},"end":{"line":226,"column":27}},"53":{"start":{"line":227,"column":10},"end":{"line":227,"column":20}},"54":{"start":{"line":230,"column":6},"end":{"line":230,"column":16}},"55":{"start":{"line":231,"column":6},"end":{"line":235,"column":8}},"56":{"start":{"line":232,"column":8},"end":{"line":232,"column":29}},"57":{"start":{"line":233,"column":8},"end":{"line":233,"column":29}},"58":{"start":{"line":234,"column":8},"end":{"line":234,"column":29}},"59":{"start":{"line":238,"column":4},"end":{"line":297,"column":6}},"60":{"start":{"line":301,"column":2},"end":{"line":306,"column":22}},"61":{"start":{"line":302,"column":4},"end":{"line":305,"column":5}},"62":{"start":{"line":303,"column":20},"end":{"line":303,"column":67}},"63":{"start":{"line":303,"column":37},"end":{"line":303,"column":60}},"64":{"start":{"line":304,"column":6},"end":{"line":304,"column":39}},"65":{"start":{"line":304,"column":19},"end":{"line":304,"column":38}},"66":{"start":{"line":308,"column":2},"end":{"line":537,"column":4}},"67":{"start":{"line":427,"column":22},"end":{"line":427,"column":37}},"68":{"start":{"line":428,"column":22},"end":{"line":428,"column":65}},"69":{"start":{"line":428,"column":41},"end":{"line":428,"column":65}},"70":{"start":{"line":434,"column":35},"end":{"line":434,"column":56}},"71":{"start":{"line":435,"column":34},"end":{"line":435,"column":56}},"72":{"start":{"line":461,"column":22},"end":{"line":461,"column":40}},"73":{"start":{"line":462,"column":22},"end":{"line":462,"column":65}},"74":{"start":{"line":462,"column":41},"end":{"line":462,"column":65}},"75":{"start":{"line":467,"column":35},"end":{"line":467,"column":59}},"76":{"start":{"line":468,"column":34},"end":{"line":468,"column":59}},"77":{"start":{"line":475,"column":35},"end":{"line":475,"column":65}},"78":{"start":{"line":540,"column":15},"end":{"line":741,"column":2}}},"fnMap":{"0":{"name":"WelcomeScreen","decl":{"start":{"line":24,"column":24},"end":{"line":24,"column":37}},"loc":{"start":{"line":24,"column":40},"end":{"line":538,"column":1}},"line":24},"1":{"name":"(anonymous_1)","decl":{"start":{"line":43,"column":12},"end":{"line":43,"column":13}},"loc":{"start":{"line":43,"column":18},"end":{"line":48,"column":3}},"line":43},"2":{"name":"handleCreateAccount","decl":{"start":{"line":50,"column":11},"end":{"line":50,"column":30}},"loc":{"start":{"line":50,"column":33},"end":{"line":52,"column":3}},"line":50},"3":{"name":"handleLogin","decl":{"start":{"line":53,"column":11},"end":{"line":53,"column":22}},"loc":{"start":{"line":53,"column":25},"end":{"line":88,"column":3}},"line":53},"4":{"name":"(anonymous_4)","decl":{"start":{"line":59,"column":13},"end":{"line":59,"column":14}},"loc":{"start":{"line":59,"column":19},"end":{"line":87,"column":5}},"line":59},"5":{"name":"handleCloseLogin","decl":{"start":{"line":89,"column":11},"end":{"line":89,"column":27}},"loc":{"start":{"line":89,"column":30},"end":{"line":126,"column":3}},"line":89},"6":{"name":"(anonymous_6)","decl":{"start":{"line":115,"column":13},"end":{"line":115,"column":14}},"loc":{"start":{"line":115,"column":19},"end":{"line":124,"column":5}},"line":115},"7":{"name":"handleSignIn","decl":{"start":{"line":127,"column":17},"end":{"line":127,"column":29}},"loc":{"start":{"line":127,"column":32},"end":{"line":141,"column":3}},"line":127},"8":{"name":"SigningInDots","decl":{"start":{"line":200,"column":11},"end":{"line":200,"column":24}},"loc":{"start":{"line":200,"column":27},"end":{"line":298,"column":3}},"line":200},"9":{"name":"(anonymous_9)","decl":{"start":{"line":205,"column":14},"end":{"line":205,"column":15}},"loc":{"start":{"line":205,"column":20},"end":{"line":236,"column":5}},"line":205},"10":{"name":"(anonymous_10)","decl":{"start":{"line":206,"column":22},"end":{"line":206,"column":23}},"loc":{"start":{"line":206,"column":28},"end":{"line":229,"column":7}},"line":206},"11":{"name":"(anonymous_11)","decl":{"start":{"line":223,"column":17},"end":{"line":223,"column":18}},"loc":{"start":{"line":223,"column":23},"end":{"line":228,"column":9}},"line":223},"12":{"name":"(anonymous_12)","decl":{"start":{"line":231,"column":13},"end":{"line":231,"column":14}},"loc":{"start":{"line":231,"column":19},"end":{"line":235,"column":7}},"line":231},"13":{"name":"(anonymous_13)","decl":{"start":{"line":301,"column":12},"end":{"line":301,"column":13}},"loc":{"start":{"line":301,"column":18},"end":{"line":306,"column":3}},"line":301},"14":{"name":"(anonymous_14)","decl":{"start":{"line":303,"column":31},"end":{"line":303,"column":32}},"loc":{"start":{"line":303,"column":37},"end":{"line":303,"column":60}},"line":303},"15":{"name":"(anonymous_15)","decl":{"start":{"line":304,"column":13},"end":{"line":304,"column":14}},"loc":{"start":{"line":304,"column":19},"end":{"line":304,"column":38}},"line":304},"16":{"name":"(anonymous_16)","decl":{"start":{"line":426,"column":34},"end":{"line":426,"column":35}},"loc":{"start":{"line":426,"column":44},"end":{"line":429,"column":21}},"line":426},"17":{"name":"(anonymous_17)","decl":{"start":{"line":434,"column":29},"end":{"line":434,"column":30}},"loc":{"start":{"line":434,"column":35},"end":{"line":434,"column":56}},"line":434},"18":{"name":"(anonymous_18)","decl":{"start":{"line":435,"column":28},"end":{"line":435,"column":29}},"loc":{"start":{"line":435,"column":34},"end":{"line":435,"column":56}},"line":435},"19":{"name":"(anonymous_19)","decl":{"start":{"line":460,"column":34},"end":{"line":460,"column":35}},"loc":{"start":{"line":460,"column":44},"end":{"line":463,"column":21}},"line":460},"20":{"name":"(anonymous_20)","decl":{"start":{"line":467,"column":29},"end":{"line":467,"column":30}},"loc":{"start":{"line":467,"column":35},"end":{"line":467,"column":59}},"line":467},"21":{"name":"(anonymous_21)","decl":{"start":{"line":468,"column":28},"end":{"line":468,"column":29}},"loc":{"start":{"line":468,"column":34},"end":{"line":468,"column":59}},"line":468},"22":{"name":"(anonymous_22)","decl":{"start":{"line":475,"column":29},"end":{"line":475,"column":30}},"loc":{"start":{"line":475,"column":35},"end":{"line":475,"column":65}},"line":475}},"branchMap":{"0":{"loc":{"start":{"line":44,"column":4},"end":{"line":46,"column":5}},"type":"if","locations":[{"start":{"line":44,"column":4},"end":{"line":46,"column":5}},{"start":{},"end":{}}],"line":44},"1":{"loc":{"start":{"line":44,"column":8},"end":{"line":44,"column":43}},"type":"binary-expr","locations":[{"start":{"line":44,"column":8},"end":{"line":44,"column":29}},{"start":{"line":44,"column":33},"end":{"line":44,"column":43}}],"line":44},"2":{"loc":{"start":{"line":128,"column":4},"end":{"line":131,"column":5}},"type":"if","locations":[{"start":{"line":128,"column":4},"end":{"line":131,"column":5}},{"start":{},"end":{}}],"line":128},"3":{"loc":{"start":{"line":128,"column":8},"end":{"line":128,"column":27}},"type":"binary-expr","locations":[{"start":{"line":128,"column":8},"end":{"line":128,"column":14}},{"start":{"line":128,"column":18},"end":{"line":128,"column":27}}],"line":128},"4":{"loc":{"start":{"line":302,"column":4},"end":{"line":305,"column":5}},"type":"if","locations":[{"start":{"line":302,"column":4},"end":{"line":305,"column":5}},{"start":{},"end":{}}],"line":302},"5":{"loc":{"start":{"line":361,"column":11},"end":{"line":385,"column":11}},"type":"binary-expr","locations":[{"start":{"line":361,"column":11},"end":{"line":361,"column":21}},{"start":{"line":362,"column":12},"end":{"line":384,"column":28}}],"line":361},"6":{"loc":{"start":{"line":388,"column":9},"end":{"line":534,"column":9}},"type":"binary-expr","locations":[{"start":{"line":388,"column":9},"end":{"line":388,"column":18}},{"start":{"line":389,"column":10},"end":{"line":533,"column":26}}],"line":388},"7":{"loc":{"start":{"line":396,"column":24},"end":{"line":396,"column":68}},"type":"cond-expr","locations":[{"start":{"line":396,"column":48},"end":{"line":396,"column":57}},{"start":{"line":396,"column":60},"end":{"line":396,"column":68}}],"line":396},"8":{"loc":{"start":{"line":411,"column":20},"end":{"line":411,"column":60}},"type":"binary-expr","locations":[{"start":{"line":411,"column":20},"end":{"line":411,"column":32}},{"start":{"line":411,"column":36},"end":{"line":411,"column":60}}],"line":411},"9":{"loc":{"start":{"line":412,"column":20},"end":{"line":412,"column":59}},"type":"binary-expr","locations":[{"start":{"line":412,"column":20},"end":{"line":412,"column":33}},{"start":{"line":412,"column":37},"end":{"line":412,"column":59}}],"line":412},"10":{"loc":{"start":{"line":428,"column":22},"end":{"line":428,"column":65}},"type":"if","locations":[{"start":{"line":428,"column":22},"end":{"line":428,"column":65}},{"start":{},"end":{}}],"line":428},"11":{"loc":{"start":{"line":445,"column":20},"end":{"line":445,"column":63}},"type":"binary-expr","locations":[{"start":{"line":445,"column":20},"end":{"line":445,"column":35}},{"start":{"line":445,"column":39},"end":{"line":445,"column":63}}],"line":445},"12":{"loc":{"start":{"line":446,"column":20},"end":{"line":446,"column":59}},"type":"binary-expr","locations":[{"start":{"line":446,"column":20},"end":{"line":446,"column":33}},{"start":{"line":446,"column":37},"end":{"line":446,"column":59}}],"line":446},"13":{"loc":{"start":{"line":462,"column":22},"end":{"line":462,"column":65}},"type":"if","locations":[{"start":{"line":462,"column":22},"end":{"line":462,"column":65}},{"start":{},"end":{}}],"line":462},"14":{"loc":{"start":{"line":478,"column":22},"end":{"line":478,"column":70}},"type":"cond-expr","locations":[{"start":{"line":478,"column":37},"end":{"line":478,"column":52}},{"start":{"line":478,"column":55},"end":{"line":478,"column":70}}],"line":478},"15":{"loc":{"start":{"line":482,"column":28},"end":{"line":482,"column":76}},"type":"cond-expr","locations":[{"start":{"line":482,"column":43},"end":{"line":482,"column":56}},{"start":{"line":482,"column":59},"end":{"line":482,"column":76}}],"line":482},"16":{"loc":{"start":{"line":488,"column":17},"end":{"line":500,"column":17}},"type":"binary-expr","locations":[{"start":{"line":488,"column":17},"end":{"line":488,"column":30}},{"start":{"line":489,"column":18},"end":{"line":499,"column":25}}],"line":488},"17":{"loc":{"start":{"line":510,"column":41},"end":{"line":510,"column":73}},"type":"binary-expr","locations":[{"start":{"line":510,"column":41},"end":{"line":510,"column":48}},{"start":{"line":510,"column":52},"end":{"line":510,"column":73}}],"line":510},"18":{"loc":{"start":{"line":516,"column":19},"end":{"line":529,"column":19}},"type":"cond-expr","locations":[{"start":{"line":517,"column":20},"end":{"line":526,"column":27}},{"start":{"line":528,"column":20},"end":{"line":528,"column":66}}],"line":516}},"s":{"0":0,"1":0,"2":0,"3":0,"4":0,"5":0,"6":0,"7":0,"8":0,"9":0,"10":0,"11":0,"12":0,"13":0,"14":0,"15":0,"16":0,"17":0,"18":0,"19":0,"20":0,"21":0,"22":0,"23":0,"24":0,"25":0,"26":0,"27":0,"28":0,"29":0,"30":0,"31":0,"32":0,"33":0,"34":0,"35":0,"36":0,"37":0,"38":0,"39":0,"40":0,"41":0,"42":0,"43":0,"44":0,"45":0,"46":0,"47":0,"48":0,"49":0,"50":0,"51":0,"52":0,"53":0,"54":0,"55":0,"56":0,"57":0,"58":0,"59":0,"60":0,"61":0,"62":0,"63":0,"64":0,"65":0,"66":0,"67":0,"68":0,"69":0,"70":0,"71":0,"72":0,"73":0,"74":0,"75":0,"76":0,"77":0,"78":0},"f":{"0":0,"1":0,"2":0,"3":0,"4":0,"5":0,"6":0,"7":0,"8":0,"9":0,"10":0,"11":0,"12":0,"13":0,"14":0,"15":0,"16":0,"17":0,"18":0,"19":0,"20":0,"21":0,"22":0},"b":{"0":[0,0],"1":[0,0],"2":[0,0],"3":[0,0],"4":[0,0],"5":[0,0],"6":[0,0],"7":[0,0],"8":[0,0],"9":[0,0],"10":[0,0],"11":[0,0],"12":[0,0],"13":[0,0],"14":[0,0],"15":[0,0],"16":[0,0],"17":[0,0],"18":[0,0]}}
,"D:\\Projects\\fridgewise\\fridgewise\\app\\(tabs)\\_layout.tsx": {"path":"D:\\Projects\\fridgewise\\fridgewise\\app\\(tabs)\\_layout.tsx","statementMap":{"0":{"start":{"line":12,"column":19},"end":{"line":14,"column":3}},"1":{"start":{"line":13,"column":4},"end":{"line":13,"column":32}},"2":{"start":{"line":16,"column":2},"end":{"line":77,"column":4}},"3":{"start":{"line":22,"column":27},"end":{"line":22,"column":54}},"4":{"start":{"line":29,"column":14},"end":{"line":29,"column":64}},"5":{"start":{"line":39,"column":14},"end":{"line":39,"column":70}},"6":{"start":{"line":41,"column":32},"end":{"line":41,"column":36}},"7":{"start":{"line":50,"column":14},"end":{"line":50,"column":78}},"8":{"start":{"line":52,"column":32},"end":{"line":52,"column":36}},"9":{"start":{"line":61,"column":14},"end":{"line":61,"column":68}},"10":{"start":{"line":71,"column":14},"end":{"line":71,"column":64}}},"fnMap":{"0":{"name":"TabLayout","decl":{"start":{"line":10,"column":24},"end":{"line":10,"column":33}},"loc":{"start":{"line":10,"column":36},"end":{"line":78,"column":1}},"line":10},"1":{"name":"(anonymous_1)","decl":{"start":{"line":12,"column":19},"end":{"line":12,"column":20}},"loc":{"start":{"line":13,"column":4},"end":{"line":13,"column":32}},"line":13},"2":{"name":"(anonymous_2)","decl":{"start":{"line":22,"column":16},"end":{"line":22,"column":17}},"loc":{"start":{"line":22,"column":27},"end":{"line":22,"column":54}},"line":22},"3":{"name":"(anonymous_3)","decl":{"start":{"line":28,"column":24},"end":{"line":28,"column":25}},"loc":{"start":{"line":29,"column":14},"end":{"line":29,"column":64}},"line":29},"4":{"name":"(anonymous_4)","decl":{"start":{"line":38,"column":24},"end":{"line":38,"column":25}},"loc":{"start":{"line":39,"column":14},"end":{"line":39,"column":70}},"line":39},"5":{"name":"(anonymous_5)","decl":{"start":{"line":41,"column":26},"end":{"line":41,"column":27}},"loc":{"start":{"line":41,"column":32},"end":{"line":41,"column":36}},"line":41},"6":{"name":"(anonymous_6)","decl":{"start":{"line":49,"column":24},"end":{"line":49,"column":25}},"loc":{"start":{"line":50,"column":14},"end":{"line":50,"column":78}},"line":50},"7":{"name":"(anonymous_7)","decl":{"start":{"line":52,"column":26},"end":{"line":52,"column":27}},"loc":{"start":{"line":52,"column":32},"end":{"line":52,"column":36}},"line":52},"8":{"name":"(anonymous_8)","decl":{"start":{"line":60,"column":24},"end":{"line":60,"column":25}},"loc":{"start":{"line":61,"column":14},"end":{"line":61,"column":68}},"line":61},"9":{"name":"(anonymous_9)","decl":{"start":{"line":70,"column":24},"end":{"line":70,"column":25}},"loc":{"start":{"line":71,"column":14},"end":{"line":71,"column":64}},"line":71}},"branchMap":{},"s":{"0":0,"1":0,"2":0,"3":0,"4":0,"5":0,"6":0,"7":0,"8":0,"9":0,"10":0},"f":{"0":0,"1":0,"2":0,"3":0,"4":0,"5":0,"6":0,"7":0,"8":0,"9":0},"b":{}}
,"D:\\Projects\\fridgewise\\fridgewise\\app\\(tabs)\\add.tsx": {"path":"D:\\Projects\\fridgewise\\fridgewise\\app\\(tabs)\\add.tsx","statementMap":{"0":{"start":{"line":25,"column":17},"end":{"line":25,"column":69}},"1":{"start":{"line":26,"column":20},"end":{"line":26,"column":64}},"2":{"start":{"line":28,"column":26},"end":{"line":28,"column":38}},"3":{"start":{"line":29,"column":34},"end":{"line":29,"column":47}},"4":{"start":{"line":30,"column":26},"end":{"line":30,"column":38}},"5":{"start":{"line":31,"column":34},"end":{"line":31,"column":72}},"6":{"start":{"line":32,"column":34},"end":{"line":32,"column":46}},"7":{"start":{"line":33,"column":38},"end":{"line":33,"column":65}},"8":{"start":{"line":34,"column":28},"end":{"line":34,"column":40}},"9":{"start":{"line":35,"column":46},"end":{"line":35,"column":61}},"10":{"start":{"line":36,"column":32},"end":{"line":36,"column":47}},"11":{"start":{"line":37,"column":46},"end":{"line":37,"column":65}},"12":{"start":{"line":38,"column":22},"end":{"line":38,"column":38}},"13":{"start":{"line":41,"column":40},"end":{"line":41,"column":64}},"14":{"start":{"line":42,"column":48},"end":{"line":42,"column":63}},"15":{"start":{"line":45,"column":24},"end":{"line":81,"column":4}},"16":{"start":{"line":83,"column":2},"end":{"line":91,"column":29}},"17":{"start":{"line":85,"column":4},"end":{"line":87,"column":5}},"18":{"start":{"line":86,"column":6},"end":{"line":86,"column":21}},"19":{"start":{"line":90,"column":4},"end":{"line":90,"column":24}},"20":{"start":{"line":93,"column":28},"end":{"line":100,"column":3}},"21":{"start":{"line":94,"column":4},"end":{"line":99,"column":5}},"22":{"start":{"line":95,"column":28},"end":{"line":95,"column":61}},"23":{"start":{"line":96,"column":6},"end":{"line":96,"column":36}},"24":{"start":{"line":98,"column":6},"end":{"line":98,"column":58}},"25":{"start":{"line":103,"column":27},"end":{"line":114,"column":3}},"26":{"start":{"line":104,"column":4},"end":{"line":104,"column":18}},"27":{"start":{"line":106,"column":4},"end":{"line":113,"column":5}},"28":{"start":{"line":107,"column":23},"end":{"line":109,"column":7}},"29":{"start":{"line":108,"column":8},"end":{"line":108,"column":60}},"30":{"start":{"line":110,"column":6},"end":{"line":110,"column":46}},"31":{"start":{"line":112,"column":6},"end":{"line":112,"column":32}},"32":{"start":{"line":116,"column":23},"end":{"line":142,"column":3}},"33":{"start":{"line":117,"column":4},"end":{"line":141,"column":5}},"34":{"start":{"line":118,"column":6},"end":{"line":118,"column":30}},"35":{"start":{"line":120,"column":20},"end":{"line":120,"column":53}},"36":{"start":{"line":121,"column":19},"end":{"line":121,"column":62}},"37":{"start":{"line":121,"column":40},"end":{"line":121,"column":61}},"38":{"start":{"line":123,"column":6},"end":{"line":136,"column":7}},"39":{"start":{"line":124,"column":8},"end":{"line":124,"column":27}},"40":{"start":{"line":125,"column":8},"end":{"line":125,"column":43}},"41":{"start":{"line":126,"column":8},"end":{"line":126,"column":33}},"42":{"start":{"line":127,"column":8},"end":{"line":127,"column":57}},"43":{"start":{"line":128,"column":8},"end":{"line":128,"column":41}},"44":{"start":{"line":129,"column":8},"end":{"line":129,"column":35}},"45":{"start":{"line":130,"column":8},"end":{"line":132,"column":9}},"46":{"start":{"line":131,"column":10},"end":{"line":131,"column":52}},"47":{"start":{"line":134,"column":8},"end":{"line":134,"column":47}},"48":{"start":{"line":135,"column":8},"end":{"line":135,"column":22}},"49":{"start":{"line":138,"column":6},"end":{"line":138,"column":42}},"50":{"start":{"line":140,"column":6},"end":{"line":140,"column":31}},"51":{"start":{"line":144,"column":21},"end":{"line":192,"column":3}},"52":{"start":{"line":145,"column":4},"end":{"line":148,"column":5}},"53":{"start":{"line":146,"column":6},"end":{"line":146,"column":56}},"54":{"start":{"line":147,"column":6},"end":{"line":147,"column":13}},"55":{"start":{"line":150,"column":24},"end":{"line":150,"column":44}},"56":{"start":{"line":151,"column":4},"end":{"line":154,"column":5}},"57":{"start":{"line":152,"column":6},"end":{"line":152,"column":60}},"58":{"start":{"line":153,"column":6},"end":{"line":153,"column":13}},"59":{"start":{"line":156,"column":4},"end":{"line":156,"column":21}},"60":{"start":{"line":157,"column":4},"end":{"line":191,"column":5}},"61":{"start":{"line":158,"column":23},"end":{"line":166,"column":7}},"62":{"start":{"line":168,"column":6},"end":{"line":186,"column":7}},"63":{"start":{"line":169,"column":8},"end":{"line":169,"column":64}},"64":{"start":{"line":170,"column":8},"end":{"line":172,"column":11}},"65":{"start":{"line":171,"column":39},"end":{"line":171,"column":52}},"66":{"start":{"line":174,"column":8},"end":{"line":174,"column":49}},"67":{"start":{"line":175,"column":8},"end":{"line":177,"column":11}},"68":{"start":{"line":176,"column":39},"end":{"line":176,"column":52}},"69":{"start":{"line":180,"column":8},"end":{"line":180,"column":20}},"70":{"start":{"line":181,"column":8},"end":{"line":181,"column":25}},"71":{"start":{"line":182,"column":8},"end":{"line":182,"column":20}},"72":{"start":{"line":183,"column":8},"end":{"line":183,"column":24}},"73":{"start":{"line":184,"column":8},"end":{"line":184,"column":28}},"74":{"start":{"line":185,"column":8},"end":{"line":185,"column":21}},"75":{"start":{"line":188,"column":6},"end":{"line":188,"column":42}},"76":{"start":{"line":190,"column":6},"end":{"line":190,"column":24}},"77":{"start":{"line":194,"column":22},"end":{"line":194,"column":63}},"78":{"start":{"line":195,"column":27},"end":{"line":204,"column":3}},"79":{"start":{"line":206,"column":2},"end":{"line":215,"column":3}},"80":{"start":{"line":207,"column":4},"end":{"line":214,"column":6}},"81":{"start":{"line":217,"column":2},"end":{"line":515,"column":4}},"82":{"start":{"line":266,"column":20},"end":{"line":266,"column":72}},"83":{"start":{"line":270,"column":20},"end":{"line":294,"column":39}},"84":{"start":{"line":275,"column":24},"end":{"line":275,"column":43}},"85":{"start":{"line":276,"column":24},"end":{"line":276,"column":73}},"86":{"start":{"line":277,"column":24},"end":{"line":277,"column":57}},"87":{"start":{"line":278,"column":24},"end":{"line":278,"column":49}},"88":{"start":{"line":279,"column":24},"end":{"line":279,"column":50}},"89":{"start":{"line":326,"column":22},"end":{"line":345,"column":41}},"90":{"start":{"line":336,"column":39},"end":{"line":336,"column":67}},"91":{"start":{"line":363,"column":33},"end":{"line":363,"column":54}},"92":{"start":{"line":383,"column":33},"end":{"line":383,"column":53}},"93":{"start":{"line":406,"column":18},"end":{"line":426,"column":37}},"94":{"start":{"line":415,"column":35},"end":{"line":415,"column":75}},"95":{"start":{"line":441,"column":31},"end":{"line":441,"column":54}},"96":{"start":{"line":465,"column":18},"end":{"line":465,"column":59}},"97":{"start":{"line":466,"column":18},"end":{"line":468,"column":19}},"98":{"start":{"line":467,"column":20},"end":{"line":467,"column":48}},"99":{"start":{"line":518,"column":15},"end":{"line":680,"column":2}}},"fnMap":{"0":{"name":"AddItemScreen","decl":{"start":{"line":24,"column":24},"end":{"line":24,"column":37}},"loc":{"start":{"line":24,"column":40},"end":{"line":516,"column":1}},"line":24},"1":{"name":"(anonymous_1)","decl":{"start":{"line":83,"column":12},"end":{"line":83,"column":13}},"loc":{"start":{"line":83,"column":18},"end":{"line":91,"column":3}},"line":83},"2":{"name":"(anonymous_2)","decl":{"start":{"line":93,"column":28},"end":{"line":93,"column":29}},"loc":{"start":{"line":93,"column":40},"end":{"line":100,"column":3}},"line":93},"3":{"name":"(anonymous_3)","decl":{"start":{"line":103,"column":27},"end":{"line":103,"column":28}},"loc":{"start":{"line":103,"column":45},"end":{"line":114,"column":3}},"line":103},"4":{"name":"(anonymous_4)","decl":{"start":{"line":107,"column":42},"end":{"line":107,"column":43}},"loc":{"start":{"line":108,"column":8},"end":{"line":108,"column":60}},"line":108},"5":{"name":"(anonymous_5)","decl":{"start":{"line":116,"column":23},"end":{"line":116,"column":24}},"loc":{"start":{"line":116,"column":35},"end":{"line":142,"column":3}},"line":116},"6":{"name":"(anonymous_6)","decl":{"start":{"line":121,"column":30},"end":{"line":121,"column":31}},"loc":{"start":{"line":121,"column":40},"end":{"line":121,"column":61}},"line":121},"7":{"name":"(anonymous_7)","decl":{"start":{"line":144,"column":21},"end":{"line":144,"column":22}},"loc":{"start":{"line":144,"column":33},"end":{"line":192,"column":3}},"line":144},"8":{"name":"(anonymous_8)","decl":{"start":{"line":171,"column":33},"end":{"line":171,"column":34}},"loc":{"start":{"line":171,"column":39},"end":{"line":171,"column":52}},"line":171},"9":{"name":"(anonymous_9)","decl":{"start":{"line":176,"column":33},"end":{"line":176,"column":34}},"loc":{"start":{"line":176,"column":39},"end":{"line":176,"column":52}},"line":176},"10":{"name":"(anonymous_10)","decl":{"start":{"line":265,"column":26},"end":{"line":265,"column":27}},"loc":{"start":{"line":266,"column":20},"end":{"line":266,"column":72}},"line":266},"11":{"name":"(anonymous_11)","decl":{"start":{"line":269,"column":23},"end":{"line":269,"column":24}},"loc":{"start":{"line":270,"column":20},"end":{"line":294,"column":39}},"line":270},"12":{"name":"(anonymous_12)","decl":{"start":{"line":273,"column":31},"end":{"line":273,"column":32}},"loc":{"start":{"line":273,"column":37},"end":{"line":280,"column":23}},"line":273},"13":{"name":"(anonymous_13)","decl":{"start":{"line":325,"column":37},"end":{"line":325,"column":38}},"loc":{"start":{"line":326,"column":22},"end":{"line":345,"column":41}},"line":326},"14":{"name":"(anonymous_14)","decl":{"start":{"line":336,"column":33},"end":{"line":336,"column":34}},"loc":{"start":{"line":336,"column":39},"end":{"line":336,"column":67}},"line":336},"15":{"name":"(anonymous_15)","decl":{"start":{"line":363,"column":27},"end":{"line":363,"column":28}},"loc":{"start":{"line":363,"column":33},"end":{"line":363,"column":54}},"line":363},"16":{"name":"(anonymous_16)","decl":{"start":{"line":383,"column":27},"end":{"line":383,"column":28}},"loc":{"start":{"line":383,"column":33},"end":{"line":383,"column":53}},"line":383},"17":{"name":"(anonymous_17)","decl":{"start":{"line":405,"column":38},"end":{"line":405,"column":39}},"loc":{"start":{"line":406,"column":18},"end":{"line":426,"column":37}},"line":406},"18":{"name":"(anonymous_18)","decl":{"start":{"line":415,"column":29},"end":{"line":415,"column":30}},"loc":{"start":{"line":415,"column":35},"end":{"line":415,"column":75}},"line":415},"19":{"name":"(anonymous_19)","decl":{"start":{"line":441,"column":25},"end":{"line":441,"column":26}},"loc":{"start":{"line":441,"column":31},"end":{"line":441,"column":54}},"line":441},"20":{"name":"(anonymous_20)","decl":{"start":{"line":464,"column":26},"end":{"line":464,"column":27}},"loc":{"start":{"line":464,"column":51},"end":{"line":469,"column":17}},"line":464}},"branchMap":{"0":{"loc":{"start":{"line":26,"column":20},"end":{"line":26,"column":64}},"type":"binary-expr","locations":[{"start":{"line":26,"column":20},"end":{"line":26,"column":42}},{"start":{"line":26,"column":46},"end":{"line":26,"column":64}}],"line":26},"1":{"loc":{"start":{"line":47,"column":23},"end":{"line":47,"column":69}},"type":"cond-expr","locations":[{"start":{"line":47,"column":48},"end":{"line":47,"column":57}},{"start":{"line":47,"column":60},"end":{"line":47,"column":69}}],"line":47},"2":{"loc":{"start":{"line":55,"column":13},"end":{"line":55,"column":53}},"type":"cond-expr","locations":[{"start":{"line":55,"column":38},"end":{"line":55,"column":44}},{"start":{"line":55,"column":47},"end":{"line":55,"column":53}}],"line":55},"3":{"loc":{"start":{"line":65,"column":23},"end":{"line":65,"column":69}},"type":"cond-expr","locations":[{"start":{"line":65,"column":48},"end":{"line":65,"column":57}},{"start":{"line":65,"column":60},"end":{"line":65,"column":69}}],"line":65},"4":{"loc":{"start":{"line":75,"column":13},"end":{"line":75,"column":53}},"type":"cond-expr","locations":[{"start":{"line":75,"column":38},"end":{"line":75,"column":44}},{"start":{"line":75,"column":47},"end":{"line":75,"column":53}}],"line":75},"5":{"loc":{"start":{"line":79,"column":13},"end":{"line":79,"column":53}},"type":"cond-expr","locations":[{"start":{"line":79,"column":38},"end":{"line":79,"column":44}},{"start":{"line":79,"column":47},"end":{"line":79,"column":53}}],"line":79},"6":{"loc":{"start":{"line":85,"column":4},"end":{"line":87,"column":5}},"type":"if","locations":[{"start":{"line":85,"column":4},"end":{"line":87,"column":5}},{"start":{},"end":{}}],"line":85},"7":{"loc":{"start":{"line":106,"column":4},"end":{"line":113,"column":5}},"type":"if","locations":[{"start":{"line":106,"column":4},"end":{"line":113,"column":5}},{"start":{"line":111,"column":11},"end":{"line":113,"column":5}}],"line":106},"8":{"loc":{"start":{"line":123,"column":6},"end":{"line":136,"column":7}},"type":"if","locations":[{"start":{"line":123,"column":6},"end":{"line":136,"column":7}},{"start":{"line":133,"column":13},"end":{"line":136,"column":7}}],"line":123},"9":{"loc":{"start":{"line":126,"column":16},"end":{"line":126,"column":31}},"type":"binary-expr","locations":[{"start":{"line":126,"column":16},"end":{"line":126,"column":25}},{"start":{"line":126,"column":29},"end":{"line":126,"column":31}}],"line":126},"10":{"loc":{"start":{"line":128,"column":20},"end":{"line":128,"column":39}},"type":"binary-expr","locations":[{"start":{"line":128,"column":20},"end":{"line":128,"column":33}},{"start":{"line":128,"column":37},"end":{"line":128,"column":39}}],"line":128},"11":{"loc":{"start":{"line":129,"column":17},"end":{"line":129,"column":33}},"type":"binary-expr","locations":[{"start":{"line":129,"column":17},"end":{"line":129,"column":27}},{"start":{"line":129,"column":31},"end":{"line":129,"column":33}}],"line":129},"12":{"loc":{"start":{"line":130,"column":8},"end":{"line":132,"column":9}},"type":"if","locations":[{"start":{"line":130,"column":8},"end":{"line":132,"column":9}},{"start":{},"end":{}}],"line":130},"13":{"loc":{"start":{"line":145,"column":4},"end":{"line":148,"column":5}},"type":"if","locations":[{"start":{"line":145,"column":4},"end":{"line":148,"column":5}},{"start":{},"end":{}}],"line":145},"14":{"loc":{"start":{"line":151,"column":4},"end":{"line":154,"column":5}},"type":"if","locations":[{"start":{"line":151,"column":4},"end":{"line":154,"column":5}},{"start":{},"end":{}}],"line":151},"15":{"loc":{"start":{"line":151,"column":8},"end":{"line":151,"column":46}},"type":"binary-expr","locations":[{"start":{"line":151,"column":8},"end":{"line":151,"column":26}},{"start":{"line":151,"column":30},"end":{"line":151,"column":46}}],"line":151},"16":{"loc":{"start":{"line":161,"column":14},"end":{"line":161,"column":38}},"type":"binary-expr","locations":[{"start":{"line":161,"column":14},"end":{"line":161,"column":25}},{"start":{"line":161,"column":29},"end":{"line":161,"column":38}}],"line":161},"17":{"loc":{"start":{"line":163,"column":18},"end":{"line":163,"column":46}},"type":"binary-expr","locations":[{"start":{"line":163,"column":18},"end":{"line":163,"column":33}},{"start":{"line":163,"column":37},"end":{"line":163,"column":46}}],"line":163},"18":{"loc":{"start":{"line":165,"column":15},"end":{"line":165,"column":40}},"type":"binary-expr","locations":[{"start":{"line":165,"column":15},"end":{"line":165,"column":27}},{"start":{"line":165,"column":31},"end":{"line":165,"column":40}}],"line":165},"19":{"loc":{"start":{"line":168,"column":6},"end":{"line":186,"column":7}},"type":"if","locations":[{"start":{"line":168,"column":6},"end":{"line":186,"column":7}},{"start":{"line":173,"column":13},"end":{"line":186,"column":7}}],"line":168},"20":{"loc":{"start":{"line":206,"column":2},"end":{"line":215,"column":3}},"type":"if","locations":[{"start":{"line":206,"column":2},"end":{"line":215,"column":3}},{"start":{},"end":{}}],"line":206},"21":{"loc":{"start":{"line":211,"column":24},"end":{"line":211,"column":46}},"type":"binary-expr","locations":[{"start":{"line":211,"column":24},"end":{"line":211,"column":35}},{"start":{"line":211,"column":39},"end":{"line":211,"column":46}}],"line":211},"22":{"loc":{"start":{"line":220,"column":18},"end":{"line":220,"column":62}},"type":"cond-expr","locations":[{"start":{"line":220,"column":42},"end":{"line":220,"column":51}},{"start":{"line":220,"column":54},"end":{"line":220,"column":62}}],"line":220},"23":{"loc":{"start":{"line":226,"column":15},"end":{"line":226,"column":55}},"type":"cond-expr","locations":[{"start":{"line":226,"column":27},"end":{"line":226,"column":38}},{"start":{"line":226,"column":41},"end":{"line":226,"column":55}}],"line":226},"24":{"loc":{"start":{"line":239,"column":24},"end":{"line":239,"column":70}},"type":"cond-expr","locations":[{"start":{"line":239,"column":49},"end":{"line":239,"column":58}},{"start":{"line":239,"column":61},"end":{"line":239,"column":70}}],"line":239},"25":{"loc":{"start":{"line":240,"column":29},"end":{"line":240,"column":69}},"type":"cond-expr","locations":[{"start":{"line":240,"column":54},"end":{"line":240,"column":60}},{"start":{"line":240,"column":63},"end":{"line":240,"column":69}}],"line":240},"26":{"loc":{"start":{"line":246,"column":20},"end":{"line":246,"column":60}},"type":"cond-expr","locations":[{"start":{"line":246,"column":45},"end":{"line":246,"column":51}},{"start":{"line":246,"column":54},"end":{"line":246,"column":60}}],"line":246},"27":{"loc":{"start":{"line":251,"column":17},"end":{"line":255,"column":17}},"type":"binary-expr","locations":[{"start":{"line":251,"column":17},"end":{"line":251,"column":35}},{"start":{"line":252,"column":18},"end":{"line":254,"column":25}}],"line":251},"28":{"loc":{"start":{"line":259,"column":13},"end":{"line":297,"column":13}},"type":"binary-expr","locations":[{"start":{"line":259,"column":13},"end":{"line":259,"column":28}},{"start":{"line":260,"column":14},"end":{"line":296,"column":21}}],"line":259},"29":{"loc":{"start":{"line":277,"column":36},"end":{"line":277,"column":55}},"type":"binary-expr","locations":[{"start":{"line":277,"column":36},"end":{"line":277,"column":49}},{"start":{"line":277,"column":53},"end":{"line":277,"column":55}}],"line":277},"30":{"loc":{"start":{"line":278,"column":32},"end":{"line":278,"column":47}},"type":"binary-expr","locations":[{"start":{"line":278,"column":32},"end":{"line":278,"column":41}},{"start":{"line":278,"column":45},"end":{"line":278,"column":47}}],"line":278},"31":{"loc":{"start":{"line":292,"column":50},"end":{"line":292,"column":68}},"type":"binary-expr","locations":[{"start":{"line":292,"column":50},"end":{"line":292,"column":59}},{"start":{"line":292,"column":63},"end":{"line":292,"column":68}}],"line":292},"32":{"loc":{"start":{"line":307,"column":24},"end":{"line":307,"column":70}},"type":"cond-expr","locations":[{"start":{"line":307,"column":49},"end":{"line":307,"column":58}},{"start":{"line":307,"column":61},"end":{"line":307,"column":70}}],"line":307},"33":{"loc":{"start":{"line":308,"column":29},"end":{"line":308,"column":69}},"type":"cond-expr","locations":[{"start":{"line":308,"column":54},"end":{"line":308,"column":60}},{"start":{"line":308,"column":63},"end":{"line":308,"column":69}}],"line":308},"34":{"loc":{"start":{"line":313,"column":20},"end":{"line":313,"column":60}},"type":"cond-expr","locations":[{"start":{"line":313,"column":45},"end":{"line":313,"column":51}},{"start":{"line":313,"column":54},"end":{"line":313,"column":60}}],"line":313},"35":{"loc":{"start":{"line":330,"column":26},"end":{"line":330,"column":63}},"type":"binary-expr","locations":[{"start":{"line":330,"column":26},"end":{"line":330,"column":36}},{"start":{"line":330,"column":40},"end":{"line":330,"column":63}}],"line":330},"36":{"loc":{"start":{"line":331,"column":26},"end":{"line":334,"column":27}},"type":"binary-expr","locations":[{"start":{"line":331,"column":26},"end":{"line":331,"column":36}},{"start":{"line":331,"column":40},"end":{"line":334,"column":27}}],"line":331},"37":{"loc":{"start":{"line":333,"column":37},"end":{"line":333,"column":59}},"type":"binary-expr","locations":[{"start":{"line":333,"column":37},"end":{"line":333,"column":48}},{"start":{"line":333,"column":52},"end":{"line":333,"column":59}}],"line":333},"38":{"loc":{"start":{"line":336,"column":47},"end":{"line":336,"column":66}},"type":"cond-expr","locations":[{"start":{"line":336,"column":60},"end":{"line":336,"column":62}},{"start":{"line":336,"column":65},"end":{"line":336,"column":66}}],"line":336},"39":{"loc":{"start":{"line":340,"column":28},"end":{"line":340,"column":80}},"type":"cond-expr","locations":[{"start":{"line":340,"column":41},"end":{"line":340,"column":62}},{"start":{"line":340,"column":65},"end":{"line":340,"column":80}}],"line":340},"40":{"loc":{"start":{"line":358,"column":20},"end":{"line":358,"column":72}},"type":"binary-expr","locations":[{"start":{"line":358,"column":20},"end":{"line":358,"column":41}},{"start":{"line":358,"column":45},"end":{"line":358,"column":72}}],"line":358},"41":{"loc":{"start":{"line":359,"column":20},"end":{"line":361,"column":21}},"type":"binary-expr","locations":[{"start":{"line":359,"column":20},"end":{"line":359,"column":41}},{"start":{"line":359,"column":45},"end":{"line":361,"column":21}}],"line":359},"42":{"loc":{"start":{"line":360,"column":46},"end":{"line":360,"column":68}},"type":"binary-expr","locations":[{"start":{"line":360,"column":46},"end":{"line":360,"column":57}},{"start":{"line":360,"column":61},"end":{"line":360,"column":68}}],"line":360},"43":{"loc":{"start":{"line":367,"column":22},"end":{"line":369,"column":45}},"type":"cond-expr","locations":[{"start":{"line":368,"column":26},"end":{"line":368,"column":51}},{"start":{"line":369,"column":26},"end":{"line":369,"column":45}}],"line":367},"44":{"loc":{"start":{"line":378,"column":20},"end":{"line":378,"column":71}},"type":"binary-expr","locations":[{"start":{"line":378,"column":20},"end":{"line":378,"column":40}},{"start":{"line":378,"column":44},"end":{"line":378,"column":71}}],"line":378},"45":{"loc":{"start":{"line":379,"column":20},"end":{"line":381,"column":21}},"type":"binary-expr","locations":[{"start":{"line":379,"column":20},"end":{"line":379,"column":40}},{"start":{"line":379,"column":44},"end":{"line":381,"column":21}}],"line":379},"46":{"loc":{"start":{"line":380,"column":46},"end":{"line":380,"column":68}},"type":"binary-expr","locations":[{"start":{"line":380,"column":46},"end":{"line":380,"column":57}},{"start":{"line":380,"column":61},"end":{"line":380,"column":68}}],"line":380},"47":{"loc":{"start":{"line":387,"column":22},"end":{"line":389,"column":45}},"type":"cond-expr","locations":[{"start":{"line":388,"column":26},"end":{"line":388,"column":51}},{"start":{"line":389,"column":26},"end":{"line":389,"column":45}}],"line":387},"48":{"loc":{"start":{"line":410,"column":22},"end":{"line":410,"column":69}},"type":"binary-expr","locations":[{"start":{"line":410,"column":22},"end":{"line":410,"column":38}},{"start":{"line":410,"column":42},"end":{"line":410,"column":69}}],"line":410},"49":{"loc":{"start":{"line":411,"column":22},"end":{"line":413,"column":23}},"type":"binary-expr","locations":[{"start":{"line":411,"column":22},"end":{"line":411,"column":38}},{"start":{"line":411,"column":42},"end":{"line":413,"column":23}}],"line":411},"50":{"loc":{"start":{"line":412,"column":48},"end":{"line":412,"column":70}},"type":"binary-expr","locations":[{"start":{"line":412,"column":48},"end":{"line":412,"column":59}},{"start":{"line":412,"column":63},"end":{"line":412,"column":70}}],"line":412},"51":{"loc":{"start":{"line":415,"column":47},"end":{"line":415,"column":74}},"type":"cond-expr","locations":[{"start":{"line":415,"column":66},"end":{"line":415,"column":68}},{"start":{"line":415,"column":71},"end":{"line":415,"column":74}}],"line":415},"52":{"loc":{"start":{"line":419,"column":24},"end":{"line":421,"column":47}},"type":"cond-expr","locations":[{"start":{"line":420,"column":28},"end":{"line":420,"column":53}},{"start":{"line":421,"column":28},"end":{"line":421,"column":47}}],"line":419},"53":{"loc":{"start":{"line":438,"column":22},"end":{"line":438,"column":68}},"type":"cond-expr","locations":[{"start":{"line":438,"column":47},"end":{"line":438,"column":56}},{"start":{"line":438,"column":59},"end":{"line":438,"column":68}}],"line":438},"54":{"loc":{"start":{"line":445,"column":27},"end":{"line":449,"column":30}},"type":"cond-expr","locations":[{"start":{"line":446,"column":24},"end":{"line":448,"column":32}},{"start":{"line":449,"column":24},"end":{"line":449,"column":30}}],"line":445},"55":{"loc":{"start":{"line":446,"column":24},"end":{"line":448,"column":32}},"type":"cond-expr","locations":[{"start":{"line":447,"column":26},"end":{"line":447,"column":32}},{"start":{"line":448,"column":26},"end":{"line":448,"column":32}}],"line":446},"56":{"loc":{"start":{"line":452,"column":19},"end":{"line":454,"column":42}},"type":"cond-expr","locations":[{"start":{"line":453,"column":22},"end":{"line":453,"column":53}},{"start":{"line":454,"column":22},"end":{"line":454,"column":42}}],"line":452},"57":{"loc":{"start":{"line":459,"column":13},"end":{"line":471,"column":13}},"type":"binary-expr","locations":[{"start":{"line":459,"column":13},"end":{"line":459,"column":27}},{"start":{"line":460,"column":14},"end":{"line":470,"column":16}}],"line":459},"58":{"loc":{"start":{"line":461,"column":23},"end":{"line":461,"column":47}},"type":"binary-expr","locations":[{"start":{"line":461,"column":23},"end":{"line":461,"column":33}},{"start":{"line":461,"column":37},"end":{"line":461,"column":47}}],"line":461},"59":{"loc":{"start":{"line":466,"column":18},"end":{"line":468,"column":19}},"type":"if","locations":[{"start":{"line":466,"column":18},"end":{"line":468,"column":19}},{"start":{},"end":{}}],"line":466},"60":{"loc":{"start":{"line":481,"column":22},"end":{"line":481,"column":68}},"type":"cond-expr","locations":[{"start":{"line":481,"column":47},"end":{"line":481,"column":56}},{"start":{"line":481,"column":59},"end":{"line":481,"column":68}}],"line":481},"61":{"loc":{"start":{"line":482,"column":27},"end":{"line":482,"column":67}},"type":"cond-expr","locations":[{"start":{"line":482,"column":52},"end":{"line":482,"column":58}},{"start":{"line":482,"column":61},"end":{"line":482,"column":67}}],"line":482},"62":{"loc":{"start":{"line":486,"column":38},"end":{"line":486,"column":78}},"type":"cond-expr","locations":[{"start":{"line":486,"column":63},"end":{"line":486,"column":69}},{"start":{"line":486,"column":72},"end":{"line":486,"column":78}}],"line":486},"63":{"loc":{"start":{"line":497,"column":42},"end":{"line":497,"column":64}},"type":"binary-expr","locations":[{"start":{"line":497,"column":42},"end":{"line":497,"column":53}},{"start":{"line":497,"column":57},"end":{"line":497,"column":64}}],"line":497},"64":{"loc":{"start":{"line":498,"column":16},"end":{"line":498,"column":52}},"type":"binary-expr","locations":[{"start":{"line":498,"column":16},"end":{"line":498,"column":23}},{"start":{"line":498,"column":27},"end":{"line":498,"column":52}}],"line":498},"65":{"loc":{"start":{"line":503,"column":15},"end":{"line":509,"column":15}},"type":"cond-expr","locations":[{"start":{"line":504,"column":16},"end":{"line":504,"column":50}},{"start":{"line":506,"column":16},"end":{"line":508,"column":29}}],"line":503},"66":{"loc":{"start":{"line":507,"column":19},"end":{"line":507,"column":57}},"type":"cond-expr","locations":[{"start":{"line":507,"column":31},"end":{"line":507,"column":44}},{"start":{"line":507,"column":47},"end":{"line":507,"column":57}}],"line":507}},"s":{"0":0,"1":0,"2":0,"3":0,"4":0,"5":0,"6":0,"7":0,"8":0,"9":0,"10":0,"11":0,"12":0,"13":0,"14":0,"15":0,"16":0,"17":0,"18":0,"19":0,"20":0,"21":0,"22":0,"23":0,"24":0,"25":0,"26":0,"27":0,"28":0,"29":0,"30":0,"31":0,"32":0,"33":0,"34":0,"35":0,"36":0,"37":0,"38":0,"39":0,"40":0,"41":0,"42":0,"43":0,"44":0,"45":0,"46":0,"47":0,"48":0,"49":0,"50":0,"51":0,"52":0,"53":0,"54":0,"55":0,"56":0,"57":0,"58":0,"59":0,"60":0,"61":0,"62":0,"63":0,"64":0,"65":0,"66":0,"67":0,"68":0,"69":0,"70":0,"71":0,"72":0,"73":0,"74":0,"75":0,"76":0,"77":0,"78":0,"79":0,"80":0,"81":0,"82":0,"83":0,"84":0,"85":0,"86":0,"87":0,"88":0,"89":0,"90":0,"91":0,"92":0,"93":0,"94":0,"95":0,"96":0,"97":0,"98":0,"99":0},"f":{"0":0,"1":0,"2":0,"3":0,"4":0,"5":0,"6":0,"7":0,"8":0,"9":0,"10":0,"11":0,"12":0,"13":0,"14":0,"15":0,"16":0,"17":0,"18":0,"19":0,"20":0},"b":{"0":[0,0],"1":[0,0],"2":[0,0],"3":[0,0],"4":[0,0],"5":[0,0],"6":[0,0],"7":[0,0],"8":[0,0],"9":[0,0],"10":[0,0],"11":[0,0],"12":[0,0],"13":[0,0],"14":[0,0],"15":[0,0],"16":[0,0],"17":[0,0],"18":[0,0],"19":[0,0],"20":[0,0],"21":[0,0],"22":[0,0],"23":[0,0],"24":[0,0],"25":[0,0],"26":[0,0],"27":[0,0],"28":[0,0],"29":[0,0],"30":[0,0],"31":[0,0],"32":[0,0],"33":[0,0],"34":[0,0],"35":[0,0],"36":[0,0],"37":[0,0],"38":[0,0],"39":[0,0],"40":[0,0],"41":[0,0],"42":[0,0],"43":[0,0],"44":[0,0],"45":[0,0],"46":[0,0],"47":[0,0],"48":[0,0],"49":[0,0],"50":[0,0],"51":[0,0],"52":[0,0],"53":[0,0],"54":[0,0],"55":[0,0],"56":[0,0],"57":[0,0],"58":[0,0],"59":[0,0],"60":[0,0],"61":[0,0],"62":[0,0],"63":[0,0],"64":[0,0],"65":[0,0],"66":[0,0]}}
,"D:\\Projects\\fridgewise\\fridgewise\\app\\(tabs)\\index.tsx": {"path":"D:\\Projects\\fridgewise\\fridgewise\\app\\(tabs)\\index.tsx","statementMap":{"0":{"start":{"line":34,"column":26},"end":{"line":34,"column":50}},"1":{"start":{"line":37,"column":25},"end":{"line":42,"column":1}},"2":{"start":{"line":38,"column":2},"end":{"line":40,"column":3}},"3":{"start":{"line":39,"column":4},"end":{"line":39,"column":14}},"4":{"start":{"line":41,"column":2},"end":{"line":41,"column":22}},"5":{"start":{"line":45,"column":21},"end":{"line":67,"column":1}},"6":{"start":{"line":50,"column":2},"end":{"line":66,"column":9}},"7":{"start":{"line":70,"column":19},"end":{"line":95,"column":1}},"8":{"start":{"line":75,"column":2},"end":{"line":94,"column":9}},"9":{"start":{"line":114,"column":27},"end":{"line":124,"column":1}},"10":{"start":{"line":115,"column":2},"end":{"line":115,"column":36}},"11":{"start":{"line":115,"column":19},"end":{"line":115,"column":36}},"12":{"start":{"line":117,"column":16},"end":{"line":117,"column":26}},"13":{"start":{"line":118,"column":2},"end":{"line":118,"column":29}},"14":{"start":{"line":120,"column":17},"end":{"line":120,"column":37}},"15":{"start":{"line":121,"column":2},"end":{"line":123,"column":4}},"16":{"start":{"line":127,"column":28},"end":{"line":127,"column":52}},"17":{"start":{"line":128,"column":38},"end":{"line":128,"column":63}},"18":{"start":{"line":129,"column":32},"end":{"line":129,"column":46}},"19":{"start":{"line":130,"column":38},"end":{"line":130,"column":53}},"20":{"start":{"line":131,"column":30},"end":{"line":131,"column":76}},"21":{"start":{"line":132,"column":38},"end":{"line":132,"column":50}},"22":{"start":{"line":133,"column":48},"end":{"line":133,"column":60}},"23":{"start":{"line":134,"column":58},"end":{"line":134,"column":70}},"24":{"start":{"line":135,"column":44},"end":{"line":135,"column":76}},"25":{"start":{"line":136,"column":28},"end":{"line":136,"column":51}},"26":{"start":{"line":137,"column":17},"end":{"line":137,"column":36}},"27":{"start":{"line":138,"column":22},"end":{"line":138,"column":38}},"28":{"start":{"line":139,"column":19},"end":{"line":139,"column":28}},"29":{"start":{"line":140,"column":26},"end":{"line":140,"column":39}},"30":{"start":{"line":141,"column":25},"end":{"line":141,"column":34}},"31":{"start":{"line":144,"column":50},"end":{"line":144,"column":65}},"32":{"start":{"line":145,"column":48},"end":{"line":152,"column":17}},"33":{"start":{"line":155,"column":46},"end":{"line":155,"column":71}},"34":{"start":{"line":156,"column":54},"end":{"line":156,"column":68}},"35":{"start":{"line":164,"column":6},"end":{"line":219,"column":13}},"36":{"start":{"line":166,"column":20},"end":{"line":187,"column":10}},"37":{"start":{"line":167,"column":6},"end":{"line":169,"column":7}},"38":{"start":{"line":168,"column":8},"end":{"line":168,"column":58}},"39":{"start":{"line":171,"column":30},"end":{"line":171,"column":66}},"40":{"start":{"line":174,"column":8},"end":{"line":176,"column":28}},"41":{"start":{"line":178,"column":6},"end":{"line":184,"column":9}},"42":{"start":{"line":186,"column":6},"end":{"line":186,"column":17}},"43":{"start":{"line":190,"column":4},"end":{"line":194,"column":7}},"44":{"start":{"line":191,"column":6},"end":{"line":193,"column":8}},"45":{"start":{"line":192,"column":18},"end":{"line":192,"column":73}},"46":{"start":{"line":196,"column":22},"end":{"line":196,"column":44}},"47":{"start":{"line":199,"column":21},"end":{"line":202,"column":6}},"48":{"start":{"line":200,"column":19},"end":{"line":200,"column":55}},"49":{"start":{"line":201,"column":6},"end":{"line":201,"column":45}},"50":{"start":{"line":204,"column":21},"end":{"line":207,"column":5}},"51":{"start":{"line":206,"column":8},"end":{"line":206,"column":78}},"52":{"start":{"line":206,"column":47},"end":{"line":206,"column":69}},"53":{"start":{"line":209,"column":19},"end":{"line":209,"column":76}},"54":{"start":{"line":209,"column":42},"end":{"line":209,"column":68}},"55":{"start":{"line":210,"column":18},"end":{"line":210,"column":74}},"56":{"start":{"line":210,"column":41},"end":{"line":210,"column":66}},"57":{"start":{"line":212,"column":4},"end":{"line":218,"column":6}},"58":{"start":{"line":221,"column":2},"end":{"line":227,"column":21}},"59":{"start":{"line":222,"column":4},"end":{"line":225,"column":5}},"60":{"start":{"line":223,"column":6},"end":{"line":223,"column":38}},"61":{"start":{"line":224,"column":6},"end":{"line":224,"column":13}},"62":{"start":{"line":226,"column":4},"end":{"line":226,"column":16}},"63":{"start":{"line":230,"column":2},"end":{"line":241,"column":34}},"64":{"start":{"line":231,"column":4},"end":{"line":240,"column":5}},"65":{"start":{"line":232,"column":6},"end":{"line":232,"column":39}},"66":{"start":{"line":233,"column":6},"end":{"line":233,"column":54}},"67":{"start":{"line":235,"column":23},"end":{"line":237,"column":7}},"68":{"start":{"line":236,"column":8},"end":{"line":236,"column":67}},"69":{"start":{"line":238,"column":6},"end":{"line":238,"column":34}},"70":{"start":{"line":239,"column":6},"end":{"line":239,"column":49}},"71":{"start":{"line":244,"column":2},"end":{"line":267,"column":49}},"72":{"start":{"line":245,"column":19},"end":{"line":245,"column":37}},"73":{"start":{"line":248,"column":4},"end":{"line":256,"column":5}},"74":{"start":{"line":249,"column":6},"end":{"line":255,"column":9}},"75":{"start":{"line":251,"column":21},"end":{"line":253,"column":9}},"76":{"start":{"line":252,"column":20},"end":{"line":252,"column":72}},"77":{"start":{"line":254,"column":8},"end":{"line":254,"column":34}},"78":{"start":{"line":259,"column":4},"end":{"line":263,"column":5}},"79":{"start":{"line":260,"column":6},"end":{"line":262,"column":8}},"80":{"start":{"line":261,"column":8},"end":{"line":261,"column":67}},"81":{"start":{"line":265,"column":4},"end":{"line":265,"column":32}},"82":{"start":{"line":266,"column":4},"end":{"line":266,"column":47}},"83":{"start":{"line":270,"column":28},"end":{"line":272,"column":3}},"84":{"start":{"line":271,"column":4},"end":{"line":271,"column":22}},"85":{"start":{"line":275,"column":2},"end":{"line":302,"column":22}},"86":{"start":{"line":276,"column":26},"end":{"line":278,"column":5}},"87":{"start":{"line":277,"column":47},"end":{"line":277,"column":57}},"88":{"start":{"line":279,"column":29},"end":{"line":279,"column":78}},"89":{"start":{"line":279,"column":66},"end":{"line":279,"column":76}},"90":{"start":{"line":282,"column":21},"end":{"line":282,"column":38}},"91":{"start":{"line":283,"column":4},"end":{"line":287,"column":7}},"92":{"start":{"line":284,"column":6},"end":{"line":286,"column":7}},"93":{"start":{"line":285,"column":8},"end":{"line":285,"column":27}},"94":{"start":{"line":289,"column":4},"end":{"line":298,"column":5}},"95":{"start":{"line":290,"column":6},"end":{"line":290,"column":33}},"96":{"start":{"line":293,"column":20},"end":{"line":295,"column":14}},"97":{"start":{"line":294,"column":8},"end":{"line":294,"column":36}},"98":{"start":{"line":297,"column":6},"end":{"line":297,"column":39}},"99":{"start":{"line":297,"column":19},"end":{"line":297,"column":38}},"100":{"start":{"line":301,"column":4},"end":{"line":301,"column":51}},"101":{"start":{"line":305,"column":26},"end":{"line":322,"column":3}},"102":{"start":{"line":307,"column":18},"end":{"line":309,"column":5}},"103":{"start":{"line":308,"column":6},"end":{"line":308,"column":52}},"104":{"start":{"line":308,"column":32},"end":{"line":308,"column":51}},"105":{"start":{"line":311,"column":4},"end":{"line":321,"column":5}},"106":{"start":{"line":314,"column":6},"end":{"line":314,"column":54}},"107":{"start":{"line":325,"column":25},"end":{"line":344,"column":3}},"108":{"start":{"line":326,"column":4},"end":{"line":343,"column":5}},"109":{"start":{"line":328,"column":20},"end":{"line":328,"column":30}},"110":{"start":{"line":331,"column":23},"end":{"line":331,"column":33}},"111":{"start":{"line":332,"column":6},"end":{"line":332,"column":44}},"112":{"start":{"line":339,"column":6},"end":{"line":339,"column":29}},"113":{"start":{"line":340,"column":6},"end":{"line":340,"column":48}},"114":{"start":{"line":342,"column":6},"end":{"line":342,"column":62}},"115":{"start":{"line":347,"column":20},"end":{"line":360,"column":3}},"116":{"start":{"line":348,"column":4},"end":{"line":359,"column":5}},"117":{"start":{"line":349,"column":6},"end":{"line":349,"column":23}},"118":{"start":{"line":350,"column":19},"end":{"line":350,"column":52}},"119":{"start":{"line":351,"column":6},"end":{"line":351,"column":21}},"120":{"start":{"line":354,"column":6},"end":{"line":354,"column":29}},"121":{"start":{"line":356,"column":6},"end":{"line":356,"column":42}},"122":{"start":{"line":358,"column":6},"end":{"line":358,"column":24}},"123":{"start":{"line":362,"column":24},"end":{"line":366,"column":3}},"124":{"start":{"line":363,"column":4},"end":{"line":363,"column":24}},"125":{"start":{"line":364,"column":4},"end":{"line":364,"column":22}},"126":{"start":{"line":365,"column":4},"end":{"line":365,"column":25}},"127":{"start":{"line":369,"column":31},"end":{"line":385,"column":3}},"128":{"start":{"line":370,"column":4},"end":{"line":384,"column":5}},"129":{"start":{"line":371,"column":19},"end":{"line":371,"column":53}},"130":{"start":{"line":371,"column":37},"end":{"line":371,"column":52}},"131":{"start":{"line":372,"column":6},"end":{"line":381,"column":7}},"132":{"start":{"line":373,"column":8},"end":{"line":375,"column":11}},"133":{"start":{"line":376,"column":8},"end":{"line":380,"column":10}},"134":{"start":{"line":377,"column":10},"end":{"line":379,"column":11}},"135":{"start":{"line":378,"column":12},"end":{"line":378,"column":68}},"136":{"start":{"line":383,"column":6},"end":{"line":383,"column":42}},"137":{"start":{"line":388,"column":31},"end":{"line":404,"column":3}},"138":{"start":{"line":389,"column":4},"end":{"line":403,"column":5}},"139":{"start":{"line":390,"column":19},"end":{"line":390,"column":53}},"140":{"start":{"line":390,"column":37},"end":{"line":390,"column":52}},"141":{"start":{"line":391,"column":6},"end":{"line":400,"column":7}},"142":{"start":{"line":392,"column":8},"end":{"line":394,"column":11}},"143":{"start":{"line":395,"column":8},"end":{"line":399,"column":10}},"144":{"start":{"line":396,"column":10},"end":{"line":398,"column":11}},"145":{"start":{"line":397,"column":12},"end":{"line":397,"column":68}},"146":{"start":{"line":402,"column":6},"end":{"line":402,"column":42}},"147":{"start":{"line":407,"column":28},"end":{"line":417,"column":3}},"148":{"start":{"line":408,"column":4},"end":{"line":416,"column":5}},"149":{"start":{"line":409,"column":19},"end":{"line":409,"column":53}},"150":{"start":{"line":409,"column":37},"end":{"line":409,"column":52}},"151":{"start":{"line":410,"column":6},"end":{"line":413,"column":7}},"152":{"start":{"line":411,"column":8},"end":{"line":411,"column":71}},"153":{"start":{"line":412,"column":8},"end":{"line":412,"column":26}},"154":{"start":{"line":415,"column":6},"end":{"line":415,"column":42}},"155":{"start":{"line":420,"column":24},"end":{"line":425,"column":3}},"156":{"start":{"line":421,"column":4},"end":{"line":424,"column":7}},"157":{"start":{"line":428,"column":26},"end":{"line":449,"column":3}},"158":{"start":{"line":429,"column":17},"end":{"line":429,"column":51}},"159":{"start":{"line":429,"column":35},"end":{"line":429,"column":50}},"160":{"start":{"line":430,"column":4},"end":{"line":448,"column":5}},"161":{"start":{"line":432,"column":25},"end":{"line":434,"column":20}},"162":{"start":{"line":435,"column":20},"end":{"line":435,"column":30}},"163":{"start":{"line":436,"column":23},"end":{"line":436,"column":61}},"164":{"start":{"line":437,"column":23},"end":{"line":437,"column":66}
[...]
167,"column":36}},"50":{"start":{"line":169,"column":6},"end":{"line":169,"column":63}},"51":{"start":{"line":173,"column":26},"end":{"line":180,"column":3}},"52":{"start":{"line":174,"column":4},"end":{"line":179,"column":5}},"53":{"start":{"line":175,"column":6},"end":{"line":175,"column":78}},"54":{"start":{"line":176,"column":6},"end":{"line":176,"column":36}},"55":{"start":{"line":178,"column":6},"end":{"line":178,"column":68}},"56":{"start":{"line":182,"column":28},"end":{"line":192,"column":3}},"57":{"start":{"line":183,"column":4},"end":{"line":191,"column":5}},"58":{"start":{"line":184,"column":6},"end":{"line":187,"column":8}},"59":{"start":{"line":188,"column":6},"end":{"line":188,"column":38}},"60":{"start":{"line":190,"column":6},"end":{"line":190,"column":71}},"61":{"start":{"line":194,"column":25},"end":{"line":201,"column":3}},"62":{"start":{"line":195,"column":4},"end":{"line":200,"column":5}},"63":{"start":{"line":196,"column":6},"end":{"line":196,"column":77}},"64":{"start":{"line":197,"column":6},"end":{"line":197,"column":35}},"65":{"start":{"line":199,"column":6},"end":{"line":199,"column":67}},"66":{"start":{"line":203,"column":24},"end":{"line":210,"column":3}},"67":{"start":{"line":204,"column":4},"end":{"line":209,"column":5}},"68":{"start":{"line":205,"column":6},"end":{"line":205,"column":76}},"69":{"start":{"line":206,"column":6},"end":{"line":206,"column":34}},"70":{"start":{"line":208,"column":6},"end":{"line":208,"column":66}},"71":{"start":{"line":212,"column":23},"end":{"line":219,"column":3}},"72":{"start":{"line":213,"column":4},"end":{"line":218,"column":5}},"73":{"start":{"line":214,"column":6},"end":{"line":214,"column":74}},"74":{"start":{"line":215,"column":6},"end":{"line":215,"column":33}},"75":{"start":{"line":217,"column":6},"end":{"line":217,"column":64}},"76":{"start":{"line":221,"column":26},"end":{"line":228,"column":3}},"77":{"start":{"line":222,"column":4},"end":{"line":227,"column":5}},"78":{"start":{"line":223,"column":6},"end":{"line":223,"column":78}},"79":{"start":{"line":224,"column":6},"end":{"line":224,"column":36}},"80":{"start":{"line":226,"column":6},"end":{"line":226,"column":68}},"81":{"start":{"line":231,"column":37},"end":{"line":249,"column":3}},"82":{"start":{"line":251,"column":2},"end":{"line":255,"column":4}},"83":{"start":{"line":260,"column":18},"end":{"line":260,"column":45}},"84":{"start":{"line":261,"column":2},"end":{"line":263,"column":3}},"85":{"start":{"line":262,"column":4},"end":{"line":262,"column":74}},"86":{"start":{"line":264,"column":2},"end":{"line":264,"column":17}}},"fnMap":{"0":{"name":"(anonymous_0)","decl":{"start":{"line":51,"column":12},"end":{"line":51,"column":13}},"loc":{"start":{"line":51,"column":18},"end":{"line":51,"column":20}},"line":51},"1":{"name":"(anonymous_1)","decl":{"start":{"line":54,"column":15},"end":{"line":54,"column":16}},"loc":{"start":{"line":54,"column":21},"end":{"line":54,"column":23}},"line":54},"2":{"name":"(anonymous_2)","decl":{"start":{"line":56,"column":19},"end":{"line":56,"column":20}},"loc":{"start":{"line":56,"column":25},"end":{"line":56,"column":27}},"line":56},"3":{"name":"(anonymous_3)","decl":{"start":{"line":58,"column":21},"end":{"line":58,"column":22}},"loc":{"start":{"line":58,"column":27},"end":{"line":58,"column":29}},"line":58},"4":{"name":"(anonymous_4)","decl":{"start":{"line":60,"column":18},"end":{"line":60,"column":19}},"loc":{"start":{"line":60,"column":24},"end":{"line":60,"column":26}},"line":60},"5":{"name":"(anonymous_5)","decl":{"start":{"line":62,"column":17},"end":{"line":62,"column":18}},"loc":{"start":{"line":62,"column":23},"end":{"line":62,"column":25}},"line":62},"6":{"name":"(anonymous_6)","decl":{"start":{"line":64,"column":16},"end":{"line":64,"column":17}},"loc":{"start":{"line":64,"column":22},"end":{"line":64,"column":24}},"line":64},"7":{"name":"(anonymous_7)","decl":{"start":{"line":66,"column":19},"end":{"line":66,"column":20}},"loc":{"start":{"line":66,"column":25},"end":{"line":66,"column":27}},"line":66},"8":{"name":"SettingsProvider","decl":{"start":{"line":70,"column":16},"end":{"line":70,"column":32}},"loc":{"start":{"line":70,"column":78},"end":{"line":256,"column":1}},"line":70},"9":{"name":"(anonymous_9)","decl":{"start":{"line":88,"column":12},"end":{"line":88,"column":13}},"loc":{"start":{"line":88,"column":18},"end":{"line":152,"column":3}},"line":88},"10":{"name":"(anonymous_10)","decl":{"start":{"line":89,"column":25},"end":{"line":89,"column":26}},"loc":{"start":{"line":89,"column":37},"end":{"line":149,"column":5}},"line":89},"11":{"name":"(anonymous_11)","decl":{"start":{"line":155,"column":19},"end":{"line":155,"column":20}},"loc":{"start":{"line":155,"column":50},"end":{"line":162,"column":3}},"line":155},"12":{"name":"(anonymous_12)","decl":{"start":{"line":164,"column":22},"end":{"line":164,"column":23}},"loc":{"start":{"line":164,"column":53},"end":{"line":171,"column":3}},"line":164},"13":{"name":"(anonymous_13)","decl":{"start":{"line":173,"column":26},"end":{"line":173,"column":27}},"loc":{"start":{"line":173,"column":54},"end":{"line":180,"column":3}},"line":173},"14":{"name":"(anonymous_14)","decl":{"start":{"line":182,"column":28},"end":{"line":182,"column":29}},"loc":{"start":{"line":182,"column":56},"end":{"line":192,"column":3}},"line":182},"15":{"name":"(anonymous_15)","decl":{"start":{"line":194,"column":25},"end":{"line":194,"column":26}},"loc":{"start":{"line":194,"column":53},"end":{"line":201,"column":3}},"line":194},"16":{"name":"(anonymous_16)","decl":{"start":{"line":203,"column":24},"end":{"line":203,"column":25}},"loc":{"start":{"line":203,"column":52},"end":{"line":210,"column":3}},"line":203},"17":{"name":"(anonymous_17)","decl":{"start":{"line":212,"column":23},"end":{"line":212,"column":24}},"loc":{"start":{"line":212,"column":51},"end":{"line":219,"column":3}},"line":212},"18":{"name":"(anonymous_18)","decl":{"start":{"line":221,"column":26},"end":{"line":221,"column":27}},"loc":{"start":{"line":221,"column":54},"end":{"line":228,"column":3}},"line":221},"19":{"name":"useSettings","decl":{"start":{"line":259,"column":16},"end":{"line":259,"column":27}},"loc":{"start":{"line":259,"column":30},"end":{"line":265,"column":1}},"line":259}},"branchMap":{"0":{"loc":{"start":{"line":85,"column":25},"end":{"line":85,"column":76}},"type":"cond-expr","locations":[{"start":{"line":85,"column":46},"end":{"line":85,"column":68}},{"start":{"line":85,"column":71},"end":{"line":85,"column":76}}],"line":85},"1":{"loc":{"start":{"line":85,"column":46},"end":{"line":85,"column":68}},"type":"binary-expr","locations":[{"start":{"line":85,"column":46},"end":{"line":85,"column":57}},{"start":{"line":85,"column":61},"end":{"line":85,"column":68}}],"line":85},"2":{"loc":{"start":{"line":93,"column":8},"end":{"line":95,"column":9}},"type":"if","locations":[{"start":{"line":93,"column":8},"end":{"line":95,"column":9}},{"start":{},"end":{}}],"line":93},"3":{"loc":{"start":{"line":99,"column":8},"end":{"line":101,"column":9}},"type":"if","locations":[{"start":{"line":99,"column":8},"end":{"line":101,"column":9}},{"start":{},"end":{}}],"line":99},"4":{"loc":{"start":{"line":107,"column":8},"end":{"line":109,"column":9}},"type":"if","locations":[{"start":{"line":107,"column":8},"end":{"line":109,"column":9}},{"start":{},"end":{}}],"line":107},"5":{"loc":{"start":{"line":114,"column":8},"end":{"line":116,"column":9}},"type":"if","locations":[{"start":{"line":114,"column":8},"end":{"line":116,"column":9}},{"start":{},"end":{}}],"line":114},"6":{"loc":{"start":{"line":121,"column":8},"end":{"line":123,"column":9}},"type":"if","locations":[{"start":{"line":121,"column":8},"end":{"line":123,"column":9}},{"start":{},"end":{}}],"line":121},"7":{"loc":{"start":{"line":128,"column":8},"end":{"line":130,"column":9}},"type":"if","locations":[{"start":{"line":128,"column":8},"end":{"line":130,"column":9}},{"start":{},"end":{}}],"line":128},"8":{"loc":{"start":{"line":136,"column":8},"end":{"line":138,"column":9}},"type":"if","locations":[{"start":{"line":136,"column":8},"end":{"line":138,"column":9}},{"start":{},"end":{}}],"line":136},"9":{"loc":{"start":{"line":143,"column":8},"end":{"line":145,"column":9}},"type":"if","locations":[{"start":{"line":143,"column":8},"end":{"line":145,"column":9}},{"start":{},"end":{}}],"line":143},"10":{"loc":{"start":{"line":261,"column":2},"end":{"line":263,"column":3}},"type":"if","locations":[{"start":{"line":261,"column":2},"end":{"line":263,"column":3}},{"start":{},"end":{}}],"line":261}},"s":{"0":1,"1":1,"2":0,"3":0,"4":0,"5":0,"6":0,"7":0,"8":0,"9":0,"10":0,"11":0,"12":0,"13":0,"14":0,"15":0,"16":0,"17":0,"18":0,"19":0,"20":0,"21":0,"22":0,"23":0,"24":0,"25":0,"26":0,"27":0,"28":0,"29":0,"30":0,"31":0,"32":0,"33":0,"34":0,"35":0,"36":0,"37":0,"38":0,"39":0,"40":0,"41":0,"42":0,"43":0,"44":0,"45":0,"46":0,"47":0,"48":0,"49":0,"50":0,"51":0,"52":0,"53":0,"54":0,"55":0,"56":0,"57":0,"58":0,"59":0,"60":0,"61":0,"62":0,"63":0,"64":0,"65":0,"66":0,"67":0,"68":0,"69":0,"70":0,"71":0,"72":0,"73":0,"74":0,"75":0,"76":0,"77":0,"78":0,"79":0,"80":0,"81":0,"82":0,"83":0,"84":0,"85":0,"86":0},"f":{"0":0,"1":0,"2":0,"3":0,"4":0,"5":0,"6":0,"7":0,"8":0,"9":0,"10":0,"11":0,"12":0,"13":0,"14":0,"15":0,"16":0,"17":0,"18":0,"19":0},"b":{"0":[0,0],"1":[0,0],"2":[0,0],"3":[0,0],"4":[0,0],"5":[0,0],"6":[0,0],"7":[0,0],"8":[0,0],"9":[0,0],"10":[0,0]},"_coverageSchema":"1a1c01bbd47fc00a2c39e90264f33305004495a9","hash":"8d73af41e6facd6d8c0b31031979d5ab223ca5b2"}
,"D:\\Projects\\fridgewise\\fridgewise\\contexts\\TipsContext.tsx": {"path":"D:\\Projects\\fridgewise\\fridgewise\\contexts\\TipsContext.tsx","statementMap":{"0":{"start":{"line":11,"column":20},"end":{"line":14,"column":2}},"1":{"start":{"line":16,"column":69},"end":{"line":93,"column":1}},"2":{"start":{"line":19,"column":38},"end":{"line":19,"column":64}},"3":{"start":{"line":20,"column":26},"end":{"line":20,"column":39}},"4":{"start":{"line":21,"column":34},"end":{"line":23,"column":3}},"5":{"start":{"line":26,"column":2},"end":{"line":28,"column":9}},"6":{"start":{"line":27,"column":4},"end":{"line":27,"column":21}},"7":{"start":{"line":31,"column":2},"end":{"line":39,"column":30}},"8":{"start":{"line":32,"column":25},"end":{"line":35,"column":5}},"9":{"start":{"line":36,"column":4},"end":{"line":38,"column":6}},"10":{"start":{"line":37,"column":6},"end":{"line":37,"column":28}},"11":{"start":{"line":42,"column":31},"end":{"line":48,"column":3}},"12":{"start":{"line":44,"column":4},"end":{"line":46,"column":5}},"13":{"start":{"line":45,"column":6},"end":{"line":45,"column":19}},"14":{"start":{"line":47,"column":4},"end":{"line":47,"column":30}},"15":{"start":{"line":51,"column":25},"end":{"line":62,"column":3}},"16":{"start":{"line":52,"column":4},"end":{"line":61,"column":5}},"17":{"start":{"line":53,"column":6},"end":{"line":58,"column":7}},"18":{"start":{"line":54,"column":20},"end":{"line":54,"column":41}},"19":{"start":{"line":55,"column":8},"end":{"line":55,"column":27}},"20":{"start":{"line":57,"column":8},"end":{"line":57,"column":59}},"21":{"start":{"line":60,"column":6},"end":{"line":60,"column":26}},"22":{"start":{"line":65,"column":21},"end":{"line":76,"column":3}},"23":{"start":{"line":66,"column":4},"end":{"line":75,"column":5}},"24":{"start":{"line":67,"column":6},"end":{"line":72,"column":7}},"25":{"start":{"line":68,"column":20},"end":{"line":68,"column":38}},"26":{"start":{"line":69,"column":8},"end":{"line":69,"column":27}},"27":{"start":{"line":71,"column":8},"end":{"line":71,"column":54}},"28":{"start":{"line":74,"column":6},"end":{"line":74,"column":26}},"29":{"start":{"line":79,"column":2},"end":{"line":85,"column":20}},"30":{"start":{"line":80,"column":4},"end":{"line":84,"column":5}},"31":{"start":{"line":81,"column":6},"end":{"line":81,"column":23}},"32":{"start":{"line":83,"column":6},"end":{"line":83,"column":26}},"33":{"start":{"line":87,"column":16},"end":{"line":90,"column":3}},"34":{"start":{"line":92,"column":2},"end":{"line":92,"column":79}},"35":{"start":{"line":95,"column":23},"end":{"line":95,"column":52}},"36":{"start":{"line":95,"column":29},"end":{"line":95,"column":52}}},"fnMap":{"0":{"name":"(anonymous_0)","decl":{"start":{"line":13,"column":14},"end":{"line":13,"column":15}},"loc":{"start":{"line":13,"column":26},"end":{"line":13,"column":28}},"line":13},"1":{"name":"(anonymous_1)","decl":{"start":{"line":16,"column":69},"end":{"line":16,"column":70}},"loc":{"start":{"line":18,"column":6},"end":{"line":93,"column":1}},"line":18},"2":{"name":"(anonymous_2)","decl":{"start":{"line":26,"column":12},"end":{"line":26,"column":13}},"loc":{"start":{"line":26,"column":18},"end":{"line":28,"column":3}},"line":26},"3":{"name":"(anonymous_3)","decl":{"start":{"line":31,"column":12},"end":{"line":31,"column":13}},"loc":{"start":{"line":31,"column":18},"end":{"line":39,"column":3}},"line":31},"4":{"name":"(anonymous_4)","decl":{"start":{"line":36,"column":11},"end":{"line":36,"column":12}},"loc":{"start":{"line":36,"column":17},"end":{"line":38,"column":5}},"line":36},"5":{"name":"(anonymous_5)","decl":{"start":{"line":42,"column":31},"end":{"line":42,"column":32}},"loc":{"start":{"line":42,"column":65},"end":{"line":48,"column":3}},"line":42},"6":{"name":"(anonymous_6)","decl":{"start":{"line":51,"column":25},"end":{"line":51,"column":26}},"loc":{"start":{"line":51,"column":37},"end":{"line":62,"column":3}},"line":51},"7":{"name":"(anonymous_7)","decl":{"start":{"line":65,"column":21},"end":{"line":65,"column":22}},"loc":{"start":{"line":65,"column":33},"end":{"line":76,"column":3}},"line":65},"8":{"name":"(anonymous_8)","decl":{"start":{"line":79,"column":12},"end":{"line":79,"column":13}},"loc":{"start":{"line":79,"column":18},"end":{"line":85,"column":3}},"line":79},"9":{"name":"(anonymous_9)","decl":{"start":{"line":95,"column":23},"end":{"line":95,"column":24}},"loc":{"start":{"line":95,"column":29},"end":{"line":95,"column":52}},"line":95}},"branchMap":{"0":{"loc":{"start":{"line":44,"column":4},"end":{"line":46,"column":5}},"type":"if","locations":[{"start":{"line":44,"column":4},"end":{"line":46,"column":5}},{"start":{},"end":{}}],"line":44},"1":{"loc":{"start":{"line":44,"column":8},"end":{"line":44,"column":74}},"type":"binary-expr","locations":[{"start":{"line":44,"column":8},"end":{"line":44,"column":45}},{"start":{"line":44,"column":49},"end":{"line":44,"column":74}}],"line":44},"2":{"loc":{"start":{"line":52,"column":4},"end":{"line":61,"column":5}},"type":"if","locations":[{"start":{"line":52,"column":4},"end":{"line":61,"column":5}},{"start":{"line":59,"column":11},"end":{"line":61,"column":5}}],"line":52},"3":{"loc":{"start":{"line":66,"column":4},"end":{"line":75,"column":5}},"type":"if","locations":[{"start":{"line":66,"column":4},"end":{"line":75,"column":5}},{"start":{"line":73,"column":11},"end":{"line":75,"column":5}}],"line":66},"4":{"loc":{"start":{"line":80,"column":4},"end":{"line":84,"column":5}},"type":"if","locations":[{"start":{"line":80,"column":4},"end":{"line":84,"column":5}},{"start":{"line":82,"column":11},"end":{"line":84,"column":5}}],"line":80}},"s":{"0":1,"1":1,"2":0,"3":0,"4":0,"5":0,"6":0,"7":0,"8":0,"9":0,"10":0,"11":0,"12":0,"13":0,"14":0,"15":0,"16":0,"17":0,"18":0,"19":0,"20":0,"21":0,"22":0,"23":0,"24":0,"25":0,"26":0,"27":0,"28":0,"29":0,"30":0,"31":0,"32":0,"33":0,"34":0,"35":1,"36":0},"f":{"0":0,"1":0,"2":0,"3":0,"4":0,"5":0,"6":0,"7":0,"8":0,"9":0},"b":{"0":[0,0],"1":[0,0],"2":[0,0],"3":[0,0],"4":[0,0]},"_coverageSchema":"1a1c01bbd47fc00a2c39e90264f33305004495a9","hash":"0aa553cc579c6f1eab76b436102b3535781d296a"}
,"D:\\Projects\\fridgewise\\fridgewise\\hooks\\useColorScheme.ts": {"path":"D:\\Projects\\fridgewise\\fridgewise\\hooks\\useColorScheme.ts","statementMap":{},"fnMap":{},"branchMap":{},"s":{},"f":{},"b":{},"_coverageSchema":"1a1c01bbd47fc00a2c39e90264f33305004495a9","hash":"662cc436291152380999a51e0dd321f6022e046a"}
,"D:\\Projects\\fridgewise\\fridgewise\\hooks\\useColorScheme.web.ts": {"path":"D:\\Projects\\fridgewise\\fridgewise\\hooks\\useColorScheme.web.ts","statementMap":{"0":{"start":{"line":8,"column":40},"end":{"line":8,"column":55}},"1":{"start":{"line":10,"column":2},"end":{"line":12,"column":9}},"2":{"start":{"line":11,"column":4},"end":{"line":11,"column":25}},"3":{"start":{"line":14,"column":22},"end":{"line":14,"column":40}},"4":{"start":{"line":16,"column":2},"end":{"line":18,"column":3}},"5":{"start":{"line":17,"column":4},"end":{"line":17,"column":23}},"6":{"start":{"line":20,"column":2},"end":{"line":20,"column":17}}},"fnMap":{"0":{"name":"useColorScheme","decl":{"start":{"line":7,"column":16},"end":{"line":7,"column":30}},"loc":{"start":{"line":7,"column":33},"end":{"line":21,"column":1}},"line":7},"1":{"name":"(anonymous_1)","decl":{"start":{"line":10,"column":12},"end":{"line":10,"column":13}},"loc":{"start":{"line":10,"column":18},"end":{"line":12,"column":3}},"line":10}},"branchMap":{"0":{"loc":{"start":{"line":16,"column":2},"end":{"line":18,"column":3}},"type":"if","locations":[{"start":{"line":16,"column":2},"end":{"line":18,"column":3}},{"start":{},"end":{}}],"line":16}},"s":{"0":0,"1":0,"2":0,"3":0,"4":0,"5":0,"6":0},"f":{"0":0,"1":0},"b":{"0":[0,0]}}
,"D:\\Projects\\fridgewise\\fridgewise\\hooks\\useThemeColor.ts": {"path":"D:\\Projects\\fridgewise\\fridgewise\\hooks\\useThemeColor.ts","statementMap":{"0":{"start":{"line":13,"column":16},"end":{"line":13,"column":43}},"1":{"start":{"line":14,"column":25},"end":{"line":14,"column":37}},"2":{"start":{"line":16,"column":2},"end":{"line":20,"column":3}},"3":{"start":{"line":17,"column":4},"end":{"line":17,"column":26}},"4":{"start":{"line":19,"column":4},"end":{"line":19,"column":36}}},"fnMap":{"0":{"name":"useThemeColor","decl":{"start":{"line":9,"column":16},"end":{"line":9,"column":29}},"loc":{"start":{"line":12,"column":2},"end":{"line":21,"column":1}},"line":12}},"branchMap":{"0":{"loc":{"start":{"line":13,"column":16},"end":{"line":13,"column":43}},"type":"binary-expr","locations":[{"start":{"line":13,"column":16},"end":{"line":13,"column":32}},{"start":{"line":13,"column":36},"end":{"line":13,"column":43}}],"line":13},"1":{"loc":{"start":{"line":16,"column":2},"end":{"line":20,"column":3}},"type":"if","locations":[{"start":{"line":16,"column":2},"end":{"line":20,"column":3}},{"start":{"line":18,"column":9},"end":{"line":20,"column":3}}],"line":16}},"s":{"0":0,"1":0,"2":0,"3":0,"4":0},"f":{"0":0},"b":{"0":[0,0],"1":[0,0]}}
,"D:\\Projects\\fridgewise\\fridgewise\\lib\\supabase.ts": {"path":"D:\\Projects\\fridgewise\\fridgewise\\lib\\supabase.ts","statementMap":{"0":{"start":{"line":5,"column":20},"end":{"line":5,"column":62}},"1":{"start":{"line":6,"column":24},"end":{"line":6,"column":71}},"2":{"start":{"line":8,"column":0},"end":{"line":10,"column":1}},"3":{"start":{"line":9,"column":2},"end":{"line":9,"column":58}},"4":{"start":{"line":12,"column":24},"end":{"line":19,"column":2}}},"fnMap":{},"branchMap":{"0":{"loc":{"start":{"line":5,"column":20},"end":{"line":5,"column":62}},"type":"binary-expr","locations":[{"start":{"line":5,"column":20},"end":{"line":5,"column":56}},{"start":{"line":5,"column":60},"end":{"line":5,"column":62}}],"line":5},"1":{"loc":{"start":{"line":6,"column":24},"end":{"line":6,"column":71}},"type":"binary-expr","locations":[{"start":{"line":6,"column":24},"end":{"line":6,"column":65}},{"start":{"line":6,"column":69},"end":{"line":6,"column":71}}],"line":6},"2":{"loc":{"start":{"line":8,"column":0},"end":{"line":10,"column":1}},"type":"if","locations":[{"start":{"line":8,"column":0},"end":{"line":10,"column":1}},{"start":{},"end":{}}],"line":8},"3":{"loc":{"start":{"line":8,"column":4},"end":{"line":8,"column":36}},"type":"binary-expr","locations":[{"start":{"line":8,"column":4},"end":{"line":8,"column":16}},{"start":{"line":8,"column":20},"end":{"line":8,"column":36}}],"line":8}},"s":{"0":0,"1":0,"2":0,"3":0,"4":0},"f":{},"b":{"0":[0,0],"1":[0,0],"2":[0,0],"3":[0,0]}}
}
