TN:
SF:app\+not-found.tsx
FN:7,NotFoundScreen
FNF:1
FNH:0
FNDA:0,NotFoundScreen
DA:8,0
DA:21,0
LF:2
LH:0
BRF:0
BRH:0
end_of_record
TN:
SF:app\_layout.tsx
FN:18,(anonymous_0)
FN:25,RootLayout
FNF:2
FNH:0
FNDA:0,(anonymous_0)
FNDA:0,RootLayout
DA:18,0
DA:19,0
DA:20,0
DA:22,0
DA:26,0
DA:27,0
DA:31,0
DA:32,0
DA:35,0
LF:9
LH:0
BRDA:19,0,0,0
BRDA:19,0,1,0
BRDA:19,1,0,0
BRDA:19,1,1,0
BRDA:31,2,0,0
BRDA:31,2,1,0
BRDA:41,3,0,0
BRDA:41,3,1,0
BRF:8
BRH:0
end_of_record
TN:
SF:app\index.tsx
FN:3,Index
FNF:1
FNH:0
FNDA:0,Index
DA:4,0
LF:1
LH:0
BRF:0
BRH:0
end_of_record
TN:
SF:app\(auth)\_layout.tsx
FN:6,AuthLayout
FNF:1
FNH:0
FNDA:0,AuthLayout
DA:7,0
LF:1
LH:0
BRF:0
BRH:0
end_of_record
TN:
SF:app\(auth)\login.tsx
FN:22,LoginScreen
FN:33,(anonymous_1)
FN:55,(anonymous_2)
FN:86,(anonymous_3)
FN:87,(anonymous_4)
FN:112,(anonymous_5)
FN:113,(anonymous_6)
FN:116,(anonymous_7)
FNF:8
FNH:0
FNDA:0,LoginScreen
FNDA:0,(anonymous_1)
FNDA:0,(anonymous_2)
FNDA:0,(anonymous_3)
FNDA:0,(anonymous_4)
FNDA:0,(anonymous_5)
FNDA:0,(anonymous_6)
FNDA:0,(anonymous_7)
DA:20,1
DA:23,0
DA:24,0
DA:25,0
DA:26,0
DA:27,0
DA:28,0
DA:29,0
DA:30,0
DA:31,0
DA:33,0
DA:34,0
DA:35,0
DA:36,0
DA:39,0
DA:40,0
DA:41,0
DA:42,0
DA:46,0
DA:50,0
DA:55,0
DA:86,0
DA:87,0
DA:112,0
DA:113,0
DA:116,0
DA:157,1
LF:27
LH:2
BRDA:34,0,0,0
BRDA:34,0,1,0
BRDA:34,1,0,0
BRDA:34,1,1,0
BRDA:67,2,0,0
BRDA:67,2,1,0
BRDA:94,3,0,0
BRDA:94,3,1,0
BRDA:119,4,0,0
BRDA:119,4,1,0
BRDA:123,5,0,0
BRDA:123,5,1,0
BRDA:138,6,0,0
BRDA:138,6,1,0
BRDA:144,7,0,0
BRDA:144,7,1,0
BRF:16
BRH:0
end_of_record
TN:
SF:app\(auth)\signup.tsx
FN:31,getPasswordStrength
FN:43,SignUpScreen
FN:64,(anonymous_2)
FN:72,(anonymous_3)
FN:73,(anonymous_4)
FN:80,(anonymous_5)
FN:89,(anonymous_6)
FN:95,validate
FN:109,(anonymous_8)
FN:208,(anonymous_9)
FN:209,(anonymous_10)
FNF:11
FNH:0
FNDA:0,getPasswordStrength
FNDA:0,SignUpScreen
FNDA:0,(anonymous_2)
FNDA:0,(anonymous_3)
FNDA:0,(anonymous_4)
FNDA:0,(anonymous_5)
FNDA:0,(anonymous_6)
FNDA:0,validate
FNDA:0,(anonymous_8)
FNDA:0,(anonymous_9)
FNDA:0,(anonymous_10)
DA:23,1
DA:25,1
DA:26,1
DA:27,1
DA:28,1
DA:35,0
DA:36,0
DA:37,0
DA:38,0
DA:39,0
DA:40,0
DA:44,0
DA:45,0
DA:46,0
DA:47,0
DA:48,0
DA:49,0
DA:50,0
DA:51,0
DA:52,0
DA:53,0
DA:54,0
DA:55,0
DA:56,0
DA:57,0
DA:58,0
DA:59,0
DA:60,0
DA:61,0
DA:62,0
DA:64,0
DA:65,0
DA:72,0
DA:73,0
DA:74,0
DA:80,0
DA:81,0
DA:87,0
DA:88,0
DA:89,0
DA:90,0
DA:91,0
DA:96,0
DA:97,0
DA:98,0
DA:99,0
DA:100,0
DA:101,0
DA:102,0
DA:103,0
DA:104,0
DA:105,0
DA:106,0
DA:109,0
DA:110,0
DA:111,0
DA:112,0
DA:113,0
DA:114,0
DA:117,0
DA:121,0
DA:125,0
DA:127,0
DA:208,0
DA:209,0
DA:226,1
LF:66
LH:6
BRDA:35,0,0,0
BRDA:35,0,1,0
BRDA:36,1,0,0
BRDA:36,1,1,0
BRDA:37,2,0,0
BRDA:37,2,1,0
BRDA:39,3,0,0
BRDA:39,3,1,0
BRDA:97,4,0,0
BRDA:97,4,1,0
BRDA:98,5,0,0
BRDA:98,5,1,0
BRDA:100,6,0,0
BRDA:100,6,1,0
BRDA:102,7,0,0
BRDA:102,7,1,0
BRDA:104,8,0,0
BRDA:104,8,1,0
BRDA:110,9,0,0
BRDA:110,9,1,0
BRDA:133,10,0,0
BRDA:133,10,1,0
BRDA:134,11,0,0
BRDA:134,11,1,0
BRDA:189,12,0,0
BRDA:189,12,1,0
BRDA:190,13,0,0
BRDA:190,13,1,0
BRDA:213,14,0,0
BRDA:213,14,1,0
BRF:30
BRH:0
end_of_record
TN:
SF:app\(auth)\welcome.tsx
FN:24,WelcomeScreen
FN:43,(anonymous_1)
FN:50,handleCreateAccount
FN:53,handleLogin
FN:59,(anonymous_4)
FN:89,handleCloseLogin
FN:115,(anonymous_6)
FN:127,handleSignIn
FN:200,SigningInDots
FN:205,(anonymous_9)
FN:206,(anonymous_10)
FN:223,(anonymous_11)
FN:231,(anonymous_12)
FN:301,(anonymous_13)
FN:303,(anonymous_14)
FN:304,(anonymous_15)
FN:426,(anonymous_16)
FN:434,(anonymous_17)
FN:435,(anonymous_18)
FN:460,(anonymous_19)
FN:467,(anonymous_20)
FN:468,(anonymous_21)
FN:475,(anonymous_22)
FNF:23
FNH:0
FNDA:0,WelcomeScreen
FNDA:0,(anonymous_1)
FNDA:0,handleCreateAccount
FNDA:0,handleLogin
FNDA:0,(anonymous_4)
FNDA:0,handleCloseLogin
FNDA:0,(anonymous_6)
FNDA:0,handleSignIn
FNDA:0,SigningInDots
FNDA:0,(anonymous_9)
FNDA:0,(anonymous_10)
FNDA:0,(anonymous_11)
FNDA:0,(anonymous_12)
FNDA:0,(anonymous_13)
FNDA:0,(anonymous_14)
FNDA:0,(anonymous_15)
FNDA:0,(anonymous_16)
FNDA:0,(anonymous_17)
FNDA:0,(anonymous_18)
FNDA:0,(anonymous_19)
FNDA:0,(anonymous_20)
FNDA:0,(anonymous_21)
FNDA:0,(anonymous_22)
DA:22,0
DA:25,0
DA:26,0
DA:27,0
DA:28,0
DA:29,0
DA:30,0
DA:31,0
DA:32,0
DA:33,0
DA:34,0
DA:35,0
DA:36,0
DA:37,0
DA:38,0
DA:39,0
DA:40,0
DA:43,0
DA:44,0
DA:45,0
DA:51,0
DA:54,0
DA:60,0
DA:61,0
DA:90,0
DA:116,0
DA:117,0
DA:118,0
DA:125,0
DA:128,0
DA:129,0
DA:130,0
DA:132,0
DA:133,0
DA:134,0
DA:135,0
DA:137,0
DA:139,0
DA:144,0
DA:145,0
DA:146,0
DA:166,0
DA:175,0
DA:187,0
DA:201,0
DA:202,0
DA:203,0
DA:205,0
DA:206,0
DA:207,0
DA:224,0
DA:225,0
DA:226,0
DA:227,0
DA:230,0
DA:231,0
DA:232,0
DA:233,0
DA:234,0
DA:238,0
DA:301,0
DA:302,0
DA:303,0
DA:304,0
DA:308,0
DA:427,0
DA:428,0
DA:434,0
DA:435,0
DA:461,0
DA:462,0
DA:467,0
DA:468,0
DA:475,0
DA:540,0
LF:75
LH:0
BRDA:44,0,0,0
BRDA:44,0,1,0
BRDA:44,1,0,0
BRDA:44,1,1,0
BRDA:128,2,0,0
BRDA:128,2,1,0
BRDA:128,3,0,0
BRDA:128,3,1,0
BRDA:302,4,0,0
BRDA:302,4,1,0
BRDA:361,5,0,0
BRDA:361,5,1,0
BRDA:388,6,0,0
BRDA:388,6,1,0
BRDA:396,7,0,0
BRDA:396,7,1,0
BRDA:411,8,0,0
BRDA:411,8,1,0
BRDA:412,9,0,0
BRDA:412,9,1,0
BRDA:428,10,0,0
BRDA:428,10,1,0
BRDA:445,11,0,0
BRDA:445,11,1,0
BRDA:446,12,0,0
BRDA:446,12,1,0
BRDA:462,13,0,0
BRDA:462,13,1,0
BRDA:478,14,0,0
BRDA:478,14,1,0
BRDA:482,15,0,0
BRDA:482,15,1,0
BRDA:488,16,0,0
BRDA:488,16,1,0
BRDA:510,17,0,0
BRDA:510,17,1,0
BRDA:516,18,0,0
BRDA:516,18,1,0
BRF:38
BRH:0
end_of_record
TN:
SF:app\(tabs)\_layout.tsx
FN:10,TabLayout
FN:12,(anonymous_1)
FN:22,(anonymous_2)
FN:28,(anonymous_3)
FN:38,(anonymous_4)
FN:41,(anonymous_5)
FN:49,(anonymous_6)
FN:52,(anonymous_7)
FN:60,(anonymous_8)
FN:70,(anonymous_9)
FNF:10
FNH:0
FNDA:0,TabLayout
FNDA:0,(anonymous_1)
FNDA:0,(anonymous_2)
FNDA:0,(anonymous_3)
FNDA:0,(anonymous_4)
FNDA:0,(anonymous_5)
FNDA:0,(anonymous_6)
FNDA:0,(anonymous_7)
FNDA:0,(anonymous_8)
FNDA:0,(anonymous_9)
DA:12,0
DA:13,0
DA:16,0
DA:22,0
DA:29,0
DA:39,0
DA:41,0
DA:50,0
DA:52,0
DA:61,0
DA:71,0
LF:11
LH:0
BRF:0
BRH:0
end_of_record
TN:
SF:app\(tabs)\add.tsx
FN:24,AddItemScreen
FN:83,(anonymous_1)
FN:93,(anonymous_2)
FN:103,(anonymous_3)
FN:107,(anonymous_4)
FN:116,(anonymous_5)
FN:121,(anonymous_6)
FN:144,(anonymous_7)
FN:171,(anonymous_8)
FN:176,(anonymous_9)
FN:265,(anonymous_10)
FN:269,(anonymous_11)
FN:273,(anonymous_12)
FN:325,(anonymous_13)
FN:336,(anonymous_14)
FN:363,(anonymous_15)
FN:383,(anonymous_16)
FN:405,(anonymous_17)
FN:415,(anonymous_18)
FN:441,(anonymous_19)
FN:464,(anonymous_20)
FNF:21
FNH:0
FNDA:0,AddItemScreen
FNDA:0,(anonymous_1)
FNDA:0,(anonymous_2)
FNDA:0,(anonymous_3)
FNDA:0,(anonymous_4)
FNDA:0,(anonymous_5)
FNDA:0,(anonymous_6)
FNDA:0,(anonymous_7)
FNDA:0,(anonymous_8)
FNDA:0,(anonymous_9)
FNDA:0,(anonymous_10)
FNDA:0,(anonymous_11)
FNDA:0,(anonymous_12)
FNDA:0,(anonymous_13)
FNDA:0,(anonymous_14)
FNDA:0,(anonymous_15)
FNDA:0,(anonymous_16)
FNDA:0,(anonymous_17)
FNDA:0,(anonymous_18)
FNDA:0,(anonymous_19)
FNDA:0,(anonymous_20)
DA:25,0
DA:26,0
DA:28,0
DA:29,0
DA:30,0
DA:31,0
DA:32,0
DA:33,0
DA:34,0
DA:35,0
DA:36,0
DA:37,0
DA:38,0
DA:41,0
DA:42,0
DA:45,0
DA:83,0
DA:85,0
DA:86,0
DA:90,0
DA:93,0
DA:94,0
DA:95,0
DA:96,0
DA:98,0
DA:103,0
DA:104,0
DA:106,0
DA:107,0
DA:108,0
DA:110,0
DA:112,0
DA:116,0
DA:117,0
DA:118,0
DA:120,0
DA:121,0
DA:123,0
DA:124,0
DA:125,0
DA:126,0
DA:127,0
DA:128,0
DA:129,0
DA:130,0
DA:131,0
DA:134,0
DA:135,0
DA:138,0
DA:140,0
DA:144,0
DA:145,0
DA:146,0
DA:147,0
DA:150,0
DA:151,0
DA:152,0
DA:153,0
DA:156,0
DA:157,0
DA:158,0
DA:168,0
DA:169,0
DA:170,0
DA:171,0
DA:174,0
DA:175,0
DA:176,0
DA:180,0
DA:181,0
DA:182,0
DA:183,0
DA:184,0
DA:185,0
DA:188,0
DA:190,0
DA:194,0
DA:195,0
DA:206,0
DA:207,0
DA:217,0
DA:266,0
DA:270,0
DA:275,0
DA:276,0
DA:277,0
DA:278,0
DA:279,0
DA:326,0
DA:336,0
DA:363,0
DA:383,0
DA:406,0
DA:415,0
DA:441,0
DA:465,0
DA:466,0
DA:467,0
DA:518,0
LF:99
LH:0
BRDA:26,0,0,0
BRDA:26,0,1,0
BRDA:47,1,0,0
BRDA:47,1,1,0
BRDA:55,2,0,0
BRDA:55,2,1,0
BRDA:65,3,0,0
BRDA:65,3,1,0
BRDA:75,4,0,0
BRDA:75,4,1,0
BRDA:79,5,0,0
BRDA:79,5,1,0
BRDA:85,6,0,0
BRDA:85,6,1,0
BRDA:106,7,0,0
BRDA:106,7,1,0
BRDA:123,8,0,0
BRDA:123,8,1,0
BRDA:126,9,0,0
BRDA:126,9,1,0
BRDA:128,10,0,0
BRDA:128,10,1,0
BRDA:129,11,0,0
BRDA:129,11,1,0
BRDA:130,12,0,0
BRDA:130,12,1,0
BRDA:145,13,0,0
BRDA:145,13,1,0
BRDA:151,14,0,0
BRDA:151,14,1,0
BRDA:151,15,0,0
BRDA:151,15,1,0
BRDA:161,16,0,0
BRDA:161,16,1,0
BRDA:163,17,0,0
BRDA:163,17,1,0
BRDA:165,18,0,0
BRDA:165,18,1,0
BRDA:168,19,0,0
BRDA:168,19,1,0
BRDA:206,20,0,0
BRDA:206,20,1,0
BRDA:211,21,0,0
BRDA:211,21,1,0
BRDA:220,22,0,0
BRDA:220,22,1,0
BRDA:226,23,0,0
BRDA:226,23,1,0
BRDA:239,24,0,0
BRDA:239,24,1,0
BRDA:240,25,0,0
BRDA:240,25,1,0
BRDA:246,26,0,0
BRDA:246,26,1,0
BRDA:251,27,0,0
BRDA:251,27,1,0
BRDA:259,28,0,0
BRDA:259,28,1,0
BRDA:277,29,0,0
BRDA:277,29,1,0
BRDA:278,30,0,0
BRDA:278,30,1,0
BRDA:292,31,0,0
BRDA:292,31,1,0
BRDA:307,32,0,0
BRDA:307,32,1,0
BRDA:308,33,0,0
BRDA:308,33,1,0
BRDA:313,34,0,0
BRDA:313,34,1,0
BRDA:330,35,0,0
BRDA:330,35,1,0
BRDA:331,36,0,0
BRDA:331,36,1,0
BRDA:333,37,0,0
BRDA:333,37,1,0
BRDA:336,38,0,0
BRDA:336,38,1,0
BRDA:340,39,0,0
BRDA:340,39,1,0
BRDA:358,40,0,0
BRDA:358,40,1,0
BRDA:359,41,0,0
BRDA:359,41,1,0
BRDA:360,42,0,0
BRDA:360,42,1,0
BRDA:367,43,0,0
BRDA:367,43,1,0
BRDA:378,44,0,0
BRDA:378,44,1,0
BRDA:379,45,0,0
BRDA:379,45,1,0
BRDA:380,46,0,0
BRDA:380,46,1,0
BRDA:387,47,0,0
BRDA:387,47,1,0
BRDA:410,48,0,0
BRDA:410,48,1,0
BRDA:411,49,0,0
BRDA:411,49,1,0
BRDA:412,50,0,0
BRDA:412,50,1,0
BRDA:415,51,0,0
BRDA:415,51,1,0
BRDA:419,52,0,0
BRDA:419,52,1,0
BRDA:438,53,0,0
BRDA:438,53,1,0
BRDA:445,54,0,0
BRDA:445,54,1,0
BRDA:446,55,0,0
BRDA:446,55,1,0
BRDA:452,56,0,0
BRDA:452,56,1,0
BRDA:459,57,0,0
BRDA:459,57,1,0
BRDA:461,58,0,0
BRDA:461,58,1,0
BRDA:466,59,0,0
BRDA:466,59,1,0
BRDA:481,60,0,0
BRDA:481,60,1,0
BRDA:482,61,0,0
BRDA:482,61,1,0
BRDA:486,62,0,0
BRDA:486,62,1,0
BRDA:497,63,0,0
BRDA:497,63,1,0
BRDA:498,64,0,0
BRDA:498,64,1,0
BRDA:503,65,0,0
BRDA:503,65,1,0
BRDA:507,66,0,0
BRDA:507,66,1,0
BRF:134
BRH:0
end_of_record
TN:
SF:app\(tabs)\index.tsx
FN:37,(anonymous_0)
FN:45,(anonymous_1)
FN:70,(anonymous_2)
FN:114,(anonymous_3)
FN:126,InventoryScreen
FN:164,(anonymous_5)
FN:166,(anonymous_6)
FN:190,(anonymous_7)
FN:192,(anonymous_8)
FN:199,(anonymous_9)
FN:205,(anonymous_10)
FN:206,(anonymous_11)
FN:209,(anonymous_12)
FN:210,(anonymous_13)
FN:221,(anonymous_14)
FN:230,(anonymous_15)
FN:235,(anonymous_16)
FN:244,(anonymous_17)
FN:249,(anonymous_18)
FN:252,(anonymous_19)
FN:260,(anonymous_20)
FN:270,(anonymous_21)
FN:275,(anonymous_22)
FN:277,(anonymous_23)
FN:279,(anonymous_24)
FN:283,(anonymous_25)
FN:293,(anonymous_26)
FN:297,(anonymous_27)
FN:305,(anonymous_28)
FN:307,(anonymous_29)
FN:308,(anonymous_30)
FN:325,(anonymous_31)
FN:347,(anonymous_32)
FN:362,(anonymous_33)
FN:369,(anonymous_34)
FN:371,(anonymous_35)
FN:376,(anonymous_36)
FN:377,(anonymous_37)
FN:388,(anonymous_38)
FN:390,(anonymous_39)
FN:395,(anonymous_40)
FN:396,(anonymous_41)
FN:407,(anonymous_42)
FN:409,(anonymous_43)
FN:420,(anonymous_44)
FN:428,(anonymous_45)
FN:429,(anonymous_46)
FN:452,(anonymous_47)
FN:458,(anonymous_48)
FN:471,(anonymous_49)
FN:478,(anonymous_50)
FN:640,(anonymous_51)
FN:663,(anonymous_52)
FN:704,(anonymous_53)
FN:759,(anonymous_54)
FN:795,(anonymous_55)
FN:798,(anonymous_56)
FN:802,(anonymous_57)
FN:811,(anonymous_58)
FN:824,(anonymous_59)
FNF:60
FNH:0
FNDA:0,(anonymous_0)
FNDA:0,(anonymous_1)
FNDA:0,(anonymous_2)
FNDA:0,(anonymous_3)
FNDA:0,InventoryScreen
FNDA:0,(anonymous_5)
FNDA:0,(anonymous_6)
FNDA:0,(anonymous_7)
FNDA:0,(anonymous_8)
FNDA:0,(anonymous_9)
FNDA:0,(anonymous_10)
FNDA:0,(anonymous_11)
FNDA:0,(anonymous_12)
FNDA:0,(anonymous_13)
FNDA:0,(anonymous_14)
FNDA:0,(anonymous_15)
FNDA:0,(anonymous_16)
FNDA:0,(anonymous_17)
FNDA:0,(anonymous_18)
FNDA:0,(anonymous_19)
FNDA:0,(anonymous_20)
FNDA:0,(anonymous_21)
FNDA:0,(anonymous_22)
FNDA:0,(anonymous_23)
FNDA:0,(anonymous_24)
FNDA:0,(anonymous_25)
FNDA:0,(anonymous_26)
FNDA:0,(anonymous_27)
FNDA:0,(anonymous_28)
FNDA:0,(anonymous_29)
FNDA:0,(anonymous_30)
FNDA:0,(anonymous_31)
FNDA:0,(anonymous_32)
FNDA:0,(anonymous_33)
FNDA:0,(anonymous_34)
FNDA:0,(anonymous_35)
FNDA:0,(anonymous_36)
FNDA:0,(anonymous_37)
FNDA:0,(anonymous_38)
FNDA:0,(anonymous_39)
FNDA:0,(anonymous_40)
FNDA:0,(anonymous_41)
FNDA:0,(anonymous_42)
FNDA:0,(anonymous_43)
FNDA:0,(anonymous_44)
FNDA:0,(anonymous_45)
FNDA:0,(anonymous_46)
FNDA:0,(anonymous_47)
FNDA:0,(anonymous_48)
FNDA:0,(anonymous_49)
FNDA:0,(anonymous_50)
FNDA:0,(anonymous_51)
FNDA:0,(anonymous_52)
FNDA:0,(anonymous_53)
FNDA:0,(anonymous_54)
FNDA:0,(anonymous_55)
FNDA:0,(anonymous_56)
FNDA:0,(anonymous_57)
FNDA:0,(anonymous_58)
FNDA:0,(anonymous_59)
DA:34,1
DA:37,1
DA:38,0
DA:39,0
DA:41,0
DA:45,1
DA:50,0
DA:70,1
DA:75,0
DA:114,1
DA:115,0
DA:117,0
DA:118,0
DA:120,0
DA:121,0
DA:127,0
DA:128,0
DA:129,0
DA:130,0
DA:131,0
DA:132,0
DA:133,0
DA:134,0
DA:135,0
DA:136,0
DA:137,0
DA:138,0
DA:139,0
DA:140,0
DA:141,0
DA:144,0
DA:145,0
DA:155,0
DA:156,0
DA:164,0
DA:166,0
DA:167,0
DA:168,0
DA:171,0
DA:174,0
DA:178,0
DA:186,0
DA:190,0
DA:191,0
DA:192,0
DA:196,0
DA:199,0
DA:200,0
DA:201,0
DA:204,0
DA:206,0
DA:209,0
DA:210,0
DA:212,0
DA:221,0
DA:222,0
DA:223,0
DA:224,0
DA:226,0
DA:230,0
DA:231,0
DA:232,0
DA:233,0
DA:235,0
DA:236,0
DA:238,0
DA:239,0
DA:244,0
DA:245,0
DA:248,0
DA:249,0
DA:251,0
DA:252,0
DA:254,0
DA:259,0
DA:260,0
DA:261,0
DA:265,0
DA:266,0
DA:270,0
DA:271,0
DA:275,0
DA:276,0
DA:277,0
DA:279,0
DA:282,0
DA:283,0
DA:284,0
DA:285,0
DA:289,0
DA:290,0
DA:293,0
DA:294,0
DA:297,0
DA:301,0
DA:305,0
DA:307,0
DA:308,0
DA:311,0
DA:314,0
DA:325,0
DA:326,0
DA:328,0
DA:331,0
DA:332,0
DA:339,0
DA:340,0
DA:342,0
DA:347,0
DA:348,0
DA:349,0
DA:350,0
DA:351,0
DA:354,0
DA:356,0
DA:358,0
DA:362,0
DA:363,0
DA:364,0
DA:365,0
DA:369,0
DA:370,0
DA:371,0
DA:372,0
DA:373,0
DA:376,0
DA:377,0
DA:378,0
DA:383,0
DA:388,0
DA:389,0
DA:390,0
DA:391,0
DA:392,0
DA:395,0
DA:396,0
DA:397,0
DA:402,0
DA:407,0
DA:408,0
DA:409,0
DA:410,0
DA:411,0
DA:412,0
DA:415,0
DA:420,0
DA:421,0
DA:428,0
DA:429,0
DA:430,0
DA:432,0
DA:435,0
DA:436,0
DA:437,0
DA:439,0
DA:447,0
DA:452,0
DA:453,0
DA:459,0
DA:460,0
DA:461,0
DA:463,0
DA:471,0
DA:477,0
DA:478,0
DA:479,0
DA:480,0
DA:481,0
DA:485,0
DA:492,0
DA:493,0
DA:495,0
DA:499,0
DA:503,0
DA:640,0
DA:663,0
DA:704,0
DA:759,0
DA:795,0
DA:799,0
DA:802,0
DA:811,0
DA:824,0
DA:835,1
LF:184
LH:6
BRDA:38,0,0,0
BRDA:38,0,1,0
BRDA:38,1,0,0
BRDA:38,1,1,0
BRDA:54,2,0,0
BRDA:54,2,1,0
BRDA:79,3,0,0
BRDA:79,3,1,0
BRDA:82,4,0,0
BRDA:82,4,1,0
BRDA:115,5,0,0
BRDA:115,5,1,0
BRDA:167,6,0,0
BRDA:167,6,1,0
BRDA:174,7,0,0
BRDA:174,7,1,0
BRDA:174,7,2,0
BRDA:192,8,0,0
BRDA:192,8,1,0
BRDA:192,9,0,0
BRDA:192,9,1,0
BRDA:201,10,0,0
BRDA:201,10,1,0
BRDA:222,11,0,0
BRDA:222,11,1,0
BRDA:231,12,0,0
BRDA:231,12,1,0
BRDA:248,13,0,0
BRDA:248,13,1,0
BRDA:252,14,0,0
BRDA:252,14,1,0
BRDA:259,15,0,0
BRDA:259,15,1,0
BRDA:284,16,0,0
BRDA:284,16,1,0
BRDA:289,17,0,0
BRDA:289,17,1,0
BRDA:311,18,0,0
BRDA:311,18,1,0
BRDA:372,19,0,0
BRDA:372,19,1,0
BRDA:372,20,0,0
BRDA:372,20,1,0
BRDA:378,21,0,0
BRDA:378,21,1,0
BRDA:391,22,0,0
BRDA:391,22,1,0
BRDA:397,23,0,0
BRDA:397,23,1,0
BRDA:410,24,0,0
BRDA:410,24,1,0
BRDA:430,25,0,0
BRDA:430,25,1,0
BRDA:432,26,0,0
BRDA:432,26,1,0
BRDA:477,27,0,0
BRDA:477,27,1,0
BRDA:556,28,0,0
BRDA:556,28,1,0
BRDA:564,29,0,0
BRDA:564,29,1,0
BRDA:623,30,0,0
BRDA:623,30,1,0
BRDA:623,30,2,0
BRDA:638,31,0,0
BRDA:638,31,1,0
BRDA:645,32,0,0
BRDA:645,32,1,0
BRDA:651,33,0,0
BRDA:651,33,1,0
BRDA:661,34,0,0
BRDA:661,34,1,0
BRDA:668,35,0,0
BRDA:668,35,1,0
BRDA:675,36,0,0
BRDA:675,36,1,0
BRDA:684,37,0,0
BRDA:684,37,1,0
BRDA:685,38,0,0
BRDA:685,38,1,0
BRDA:691,39,0,0
BRDA:691,39,1,0
BRDA:702,40,0,0
BRDA:702,40,1,0
BRDA:709,41,0,0
BRDA:709,41,1,0
BRDA:716,42,0,0
BRDA:716,42,1,0
BRDA:725,43,0,0
BRDA:725,43,1,0
BRDA:726,44,0,0
BRDA:726,44,1,0
BRDA:732,45,0,0
BRDA:732,45,1,0
BRDA:747,46,0,0
BRDA:747,46,1,0
BRDA:753,47,0,0
BRDA:753,47,1,0
BRDA:761,48,0,0
BRDA:761,48,1,0
BRDA:761,49,0,0
BRDA:761,49,1,0
BRDA:771,50,0,0
BRDA:771,50,1,0
BRDA:774,51,0,0
BRDA:774,51,1,0
BRDA:776,52,0,0
BRDA:776,52,1,0
BRDA:781,53,0,0
BRDA:781,53,1,0
BRDA:783,54,0,0
BRDA:783,54,1,0
BRDA:789,55,0,0
BRDA:789,55,1,0
BRDA:791,56,0,0
BRDA:791,56,1,0
BRDA:821,57,0,0
BRDA:821,57,1,0
BRF:118
BRH:0
end_of_record
TN:
SF:app\(tabs)\item-details.tsx
FN:19,(anonymous_0)
FN:43,ItemDetailsScreen
FN:59,(anonymous_2)
FN:68,(anonymous_3)
FN:92,(anonymous_4)
FN:93,(anonymous_5)
FN:94,(anonymous_6)
FN:103,(anonymous_7)
FN:104,(anonymous_8)
FN:105,(anonymous_9)
FN:114,(anonymous_10)
FN:116,(anonymous_11)
FN:120,(anonymous_12)
FN:120,(anonymous_13)
FN:132,(anonymous_14)
FN:137,(anonymous_15)
FN:138,(anonymous_16)
FN:159,(anonymous_17)
FN:167,(anonymous_18)
FN:169,(anonymous_19)
FN:170,(anonymous_20)
FN:181,(anonymous_21)
FN:206,(anonymous_22)
FN:207,(anonymous_23)
FN:224,(anonymous_24)
FN:236,(anonymous_25)
FN:248,(anonymous_26)
FN:261,(anonymous_27)
FN:282,(anonymous_28)
FNF:29
FNH:0
FNDA:0,(anonymous_0)
FNDA:0,ItemDetailsScreen
FNDA:0,(anonymous_2)
FNDA:0,(anonymous_3)
FNDA:0,(anonymous_4)
FNDA:0,(anonymous_5)
FNDA:0,(anonymous_6)
FNDA:0,(anonymous_7)
FNDA:0,(anonymous_8)
FNDA:0,(anonymous_9)
FNDA:0,(anonymous_10)
FNDA:0,(anonymous_11)
FNDA:0,(anonymous_12)
FNDA:0,(anonymous_13)
FNDA:0,(anonymous_14)
FNDA:0,(anonymous_15)
FNDA:0,(anonymous_16)
FNDA:0,(anonymous_17)
FNDA:0,(anonymous_18)
FNDA:0,(anonymous_19)
FNDA:0,(anonymous_20)
FNDA:0,(anonymous_21)
FNDA:0,(anonymous_22)
FNDA:0,(anonymous_23)
FNDA:0,(anonymous_24)
FNDA:0,(anonymous_25)
FNDA:0,(anonymous_26)
FNDA:0,(anonymous_27)
FNDA:0,(anonymous_28)
DA:19,0
DA:20,0
DA:21,0
DA:22,0
DA:24,0
DA:25,0
DA:27,0
DA:28,0
DA:29,0
DA:30,0
DA:32,0
DA:44,0
DA:45,0
DA:46,0
DA:47,0
DA:48,0
DA:49,0
DA:50,0
DA:51,0
DA:59,0
DA:60,0
DA:61,0
DA:62,0
DA:65,0
DA:68,0
DA:69,0
DA:70,0
DA:81,0
DA:82,0
DA:83,0
DA:85,0
DA:87,0
DA:92,0
DA:93,0
DA:94,0
DA:95,0
DA:96,0
DA:98,0
DA:103,0
DA:104,0
DA:105,0
DA:106,0
DA:107,0
DA:109,0
DA:114,0
DA:116,0
DA:117,0
DA:120,0
DA:123,0
DA:132,0
DA:134,0
DA:137,0
DA:138,0
DA:139,0
DA:141,0
DA:144,0
DA:145,0
DA:146,0
DA:148,0
DA:155,0
DA:159,0
DA:160,0
DA:169,0
DA:170,0
DA:173,0
DA:181,0
DA:187,0
DA:190,0
DA:191,0
DA:192,0
DA:195,0
DA:196,0
DA:200,0
DA:201,0
DA:202,0
DA:206,0
DA:207,0
DA:208,0
DA:209,0
DA:215,0
DA:220,0
DA:224,0
DA:225,0
DA:226,0
DA:227,0
DA:230,0
DA:236,0
DA:248,0
DA:261,0
DA:282,0
DA:292,0
LF:91
LH:0
BRDA:27,0,0,0
BRDA:27,0,1,0
BRDA:28,1,0,0
BRDA:28,1,1,0
BRDA:29,2,0,0
BRDA:29,2,1,0
BRDA:30,3,0,0
BRDA:30,3,1,0
BRDA:60,4,0,0
BRDA:60,4,1,0
BRDA:95,5,0,0
BRDA:95,5,1,0
BRDA:95,6,0,0
BRDA:95,6,1,0
BRDA:106,7,0,0
BRDA:106,7,1,0
BRDA:117,8,0,0
BRDA:117,8,1,0
BRDA:126,9,0,0
BRDA:126,9,1,0
BRDA:139,10,0,0
BRDA:139,10,1,0
BRDA:141,11,0,0
BRDA:141,11,1,0
BRDA:153,12,0,0
BRDA:153,12,1,0
BRDA:187,13,0,0
BRDA:187,13,1,0
BRDA:195,14,0,0
BRDA:195,14,1,0
BRDA:201,15,0,0
BRDA:201,15,1,0
BRDA:208,16,0,0
BRDA:208,16,1,0
BRDA:225,17,0,0
BRDA:225,17,1,0
BRDA:247,18,0,0
BRDA:247,18,1,0
BRDA:256,19,0,0
BRDA:256,19,1,0
BRDA:263,20,0,0
BRDA:263,20,1,0
BRDA:279,21,0,0
BRDA:279,21,1,0
BRF:44
BRH:0
end_of_record
TN:
SF:app\(tabs)\menu.tsx
FN:15,MenuScreen
FN:18,(anonymous_1)
FN:24,(anonymous_2)
FN:40,(anonymous_3)
FN:45,(anonymous_4)
FN:56,(anonymous_5)
FN:80,(anonymous_6)
FNF:7
FNH:0
FNDA:0,MenuScreen
FNDA:0,(anonymous_1)
FNDA:0,(anonymous_2)
FNDA:0,(anonymous_3)
FNDA:0,(anonymous_4)
FNDA:0,(anonymous_5)
FNDA:0,(anonymous_6)
DA:16,0
DA:18,0
DA:19,0
DA:25,0
DA:26,0
DA:27,0
DA:29,0
DA:36,0
DA:40,0
DA:46,0
DA:57,0
DA:66,0
DA:81,0
DA:111,0
LF:14
LH:0
BRDA:74,0,0,0
BRDA:74,0,1,0
BRF:2
BRH:0
end_of_record
TN:
SF:app\(tabs)\stats.tsx
FN:28,(anonymous_0)
FN:54,(anonymous_1)
FN:61,(anonymous_2)
FN:93,SettingsScreen
FN:133,(anonymous_4)
FN:198,(anonymous_5)
FN:209,(anonymous_6)
FN:241,(anonymous_7)
FN:414,(anonymous_8)
FN:422,(anonymous_9)
FN:434,(anonymous_10)
FNF:11
FNH:0
FNDA:0,(anonymous_0)
FNDA:0,(anonymous_1)
FNDA:0,(anonymous_2)
FNDA:0,SettingsScreen
FNDA:0,(anonymous_4)
FNDA:0,(anonymous_5)
FNDA:0,(anonymous_6)
FNDA:0,(anonymous_7)
FNDA:0,(anonymous_8)
FNDA:0,(anonymous_9)
FNDA:0,(anonymous_10)
DA:28,0
DA:36,0
DA:55,0
DA:62,0
DA:63,0
DA:94,0
DA:95,0
DA:96,0
DA:97,0
DA:98,0
DA:99,0
DA:100,0
DA:101,0
DA:104,0
DA:124,0
DA:127,0
DA:128,0
DA:131,0
DA:133,0
DA:134,0
DA:137,0
DA:199,0
DA:200,0
DA:205,0
DA:209,0
DA:241,0
DA:454,0
LF:27
LH:0
BRDA:34,0,0,0
BRDA:44,1,0,0
BRDA:44,1,1,0
BRDA:49,2,0,0
BRDA:49,2,1,0
BRDA:59,3,0,0
BRDA:59,3,1,0
BRDA:66,4,0,0
BRDA:66,4,1,0
BRDA:77,5,0,0
BRDA:77,5,1,0
BRDA:94,6,0,0
BRDA:94,6,1,0
BRDA:95,7,0,0
BRDA:95,7,1,0
BRDA:96,8,0,0
BRDA:96,8,1,0
BRDA:97,9,0,0
BRDA:97,9,1,0
BRDA:98,10,0,0
BRDA:98,10,1,0
BRDA:134,11,0,0
BRDA:134,11,1,0
BRDA:139,12,0,0
BRDA:139,12,1,0
BRDA:200,13,0,0
BRDA:200,13,1,0
BRDA:201,14,0,0
BRDA:201,14,1,0
BRDA:201,14,2,0
BRDA:275,15,0,0
BRDA:275,15,1,0
BRDA:297,16,0,0
BRDA:297,16,1,0
BRDA:317,17,0,0
BRDA:317,17,1,0
BRDA:337,18,0,0
BRDA:337,18,1,0
BRDA:372,19,0,0
BRDA:372,19,1,0
BRDA:392,20,0,0
BRDA:392,20,1,0
BRF:42
BRH:0
end_of_record
TN:
SF:components\AchievementCard.tsx
FN:17,(anonymous_0)
FNF:1
FNH:0
FNDA:0,(anonymous_0)
DA:17,1
DA:25,0
DA:39,1
LF:3
LH:2
BRDA:20,0,0,0
BRDA:21,1,0,0
BRDA:23,2,0,0
BRF:3
BRH:0
end_of_record
TN:
SF:components\ActionMenu.tsx
FN:26,(anonymous_0)
FN:57,(anonymous_1)
FN:74,(anonymous_2)
FNF:3
FNH:0
FNDA:0,(anonymous_0)
FNDA:0,(anonymous_1)
FNDA:0,(anonymous_2)
DA:26,2
DA:33,0
DA:35,0
DA:58,0
DA:59,0
DA:75,0
DA:76,0
DA:94,2
LF:8
LH:2
BRDA:33,0,0,0
BRDA:33,0,1,0
BRF:2
BRH:0
end_of_record
TN:
SF:components\AnimatedCounter.tsx
FN:15,(anonymous_0)
FN:19,(anonymous_1)
FN:32,(anonymous_2)
FN:55,(anonymous_3)
FN:64,(anonymous_4)
FN:65,(anonymous_5)
FN:71,(anonymous_6)
FN:77,(anonymous_7)
FN:95,(anonymous_8)
FNF:9
FNH:0
FNDA:0,(anonymous_0)
FNDA:0,(anonymous_1)
FNDA:0,(anonymous_2)
FNDA:0,(anonymous_3)
FNDA:0,(anonymous_4)
FNDA:0,(anonymous_5)
FNDA:0,(anonymous_6)
FNDA:0,(anonymous_7)
FNDA:0,(anonymous_8)
DA:15,1
DA:19,0
DA:23,0
DA:25,0
DA:27,0
DA:29,0
DA:32,0
DA:34,0
DA:37,0
DA:38,0
DA:42,0
DA:49,0
DA:52,0
DA:55,0
DA:56,0
DA:57,0
DA:58,0
DA:64,0
DA:65,0
DA:67,0
DA:68,0
DA:71,0
DA:72,0
DA:77,0
DA:78,0
DA:79,0
DA:83,0
DA:94,1
DA:106,0
LF:29
LH:2
BRDA:18,0,0,0
BRDA:19,1,0,0
BRDA:37,2,0,0
BRDA:37,2,1,0
BRDA:56,3,0,0
BRDA:56,3,1,0
BRDA:78,4,0,0
BRDA:78,4,1,0
BRF:8
BRH:0
end_of_record
TN:
SF:components\AnimatedItemGroupCard.tsx
FN:23,(anonymous_0)
FN:43,(anonymous_1)
FN:67,(anonymous_2)
FNF:3
FNH:0
FNDA:0,(anonymous_0)
FNDA:0,(anonymous_1)
FNDA:0,(anonymous_2)
DA:23,1
DA:38,0
DA:39,0
DA:40,0
DA:43,0
DA:44,0
DA:45,0
DA:67,0
DA:69,0
DA:71,0
DA:86,0
DA:113,1
LF:12
LH:2
BRDA:33,0,0,0
BRDA:34,1,0,0
BRDA:38,2,0,0
BRDA:38,2,1,0
BRDA:39,3,0,0
BRDA:39,3,1,0
BRDA:40,4,0,0
BRDA:40,4,1,0
BRDA:44,5,0,0
BRDA:44,5,1,0
BRDA:69,6,0,0
BRDA:69,6,1,0
BRF:12
BRH:0
end_of_record
TN:
SF:components\AppHeader.tsx
FN:13,(anonymous_0)
FNF:1
FNH:1
FNDA:4,(anonymous_0)
DA:13,1
DA:17,4
DA:19,4
DA:39,1
LF:4
LH:4
BRDA:14,0,0,3
BRDA:15,1,0,3
BRF:2
BRH:2
end_of_record
TN:
SF:components\Collapsible.tsx
FN:10,Collapsible
FN:18,(anonymous_1)
FN:18,(anonymous_2)
FNF:3
FNH:0
FNDA:0,Collapsible
FNDA:0,(anonymous_1)
FNDA:0,(anonymous_2)
DA:11,0
DA:12,0
DA:14,0
DA:18,0
DA:35,0
LF:5
LH:0
BRDA:12,0,0,0
BRDA:12,0,1,0
BRDA:24,1,0,0
BRDA:24,1,1,0
BRDA:25,2,0,0
BRDA:25,2,1,0
BRDA:30,3,0,0
BRDA:30,3,1,0
BRF:8
BRH:0
end_of_record
TN:
SF:components\CustomTabBar.tsx
FN:9,(anonymous_0)
FN:19,(anonymous_1)
FN:27,(anonymous_2)
FN:62,(anonymous_3)
FN:74,(anonymous_4)
FNF:5
FNH:0
FNDA:0,(anonymous_0)
FNDA:0,(anonymous_1)
FNDA:0,(anonymous_2)
FNDA:0,(anonymous_3)
FNDA:0,(anonymous_4)
DA:9,0
DA:10,0
DA:11,0
DA:13,0
DA:19,0
DA:24,0
DA:27,0
DA:28,0
DA:30,0
DA:43,0
DA:45,0
DA:46,0
DA:47,0
DA:48,0
DA:51,0
DA:60,0
DA:63,0
DA:65,0
DA:68,0
DA:70,0
DA:72,0
DA:74,0
DA:75,0
DA:81,0
DA:82,0
DA:87,0
DA:89,0
DA:119,0
LF:28
LH:0
BRDA:10,0,0,0
BRDA:10,0,1,0
BRDA:10,1,0,0
BRDA:10,1,1,0
BRDA:28,2,0,0
BRDA:28,2,1,0
BRDA:35,3,0,0
BRDA:35,3,1,0
BRDA:45,4,0,0
BRDA:45,4,1,0
BRDA:47,5,0,0
BRDA:47,5,1,0
BRDA:55,6,0,0
BRDA:55,6,1,0
BRDA:61,7,0,0
BRDA:61,7,1,0
BRDA:63,8,0,0
BRDA:63,8,1,0
BRDA:63,9,0,0
BRDA:63,9,1,0
BRDA:70,10,0,0
BRDA:70,10,1,0
BRDA:81,11,0,0
BRDA:81,11,1,0
BRDA:81,12,0,0
BRDA:81,12,1,0
BRDA:94,13,0,0
BRDA:94,13,1,0
BRDA:100,14,0,0
BRDA:100,14,1,0
BRDA:100,14,2,0
BRDA:107,15,0,0
BRDA:107,15,1,0
BRF:33
BRH:0
end_of_record
TN:
SF:components\EditItemModal.tsx
FN:33,(anonymous_0)
FN:49,(anonymous_1)
FN:58,(anonymous_2)
FN:64,(anonymous_3)
FN:68,(anonymous_4)
FN:124,(anonymous_5)
FN:148,(anonymous_6)
FN:165,(anonymous_7)
FN:177,(anonymous_8)
FN:184,(anonymous_9)
FNF:10
FNH:0
FNDA:0,(anonymous_0)
FNDA:0,(anonymous_1)
FNDA:0,(anonymous_2)
FNDA:0,(anonymous_3)
FNDA:0,(anonymous_4)
FNDA:0,(anonymous_5)
FNDA:0,(anonymous_6)
FNDA:0,(anonymous_7)
FNDA:0,(anonymous_8)
FNDA:0,(anonymous_9)
DA:33,0
DA:40,0
DA:41,0
DA:42,0
DA:45,0
DA:46,0
DA:49,0
DA:50,0
DA:51,0
DA:52,0
DA:53,0
DA:54,0
DA:58,0
DA:59,0
DA:60,0
DA:64,0
DA:65,0
DA:68,0
DA:69,0
DA:75,0
DA:78,0
DA:80,0
DA:125,0
DA:126,0
DA:127,0
DA:128,0
DA:129,0
DA:150,0
DA:151,0
DA:165,0
DA:178,0
DA:185,0
DA:186,0
DA:224,0
LF:34
LH:0
BRDA:50,0,0,0
BRDA:50,0,1,0
BRDA:59,1,0,0
BRDA:59,1,1,0
BRDA:72,2,0,0
BRDA:72,2,1,0
BRDA:126,3,0,0
BRDA:126,3,1,0
BRDA:126,4,0,0
BRDA:126,4,1,0
BRDA:128,5,0,0
BRDA:128,5,1,0
BRDA:150,6,0,0
BRDA:150,6,1,0
BRDA:169,7,0,0
BRDA:169,7,1,0
BRDA:175,8,0,0
BRDA:175,8,1,0
BRDA:182,9,0,0
BRDA:182,9,1,0
BRDA:192,10,0,0
BRDA:192,10,1,0
BRF:22
BRH:0
end_of_record
TN:
SF:components\EmptyStateView.tsx
FN:28,(anonymous_0)
FNF:1
FNH:0
FNDA:0,(anonymous_0)
DA:28,1
DA:42,0
DA:43,0
DA:51,0
DA:52,0
DA:71,0
DA:86,1
LF:7
LH:2
BRDA:31,0,0,0
BRDA:32,1,0,0
BRDA:33,2,0,0
BRDA:37,3,0,0
BRDA:38,4,0,0
BRDA:39,5,0,0
BRDA:42,6,0,0
BRDA:42,6,1,0
BRDA:51,7,0,0
BRDA:51,7,1,0
BRDA:51,8,0,0
BRDA:51,8,1,0
BRDA:60,9,0,0
BRDA:60,9,1,0
BRDA:60,9,2,0
BRDA:76,10,0,0
BRDA:76,10,1,0
BRDA:76,10,2,0
BRF:18
BRH:0
end_of_record
TN:
SF:components\ExternalLink.tsx
FN:8,ExternalLink
FN:14,(anonymous_1)
FNF:2
FNH:0
FNDA:0,ExternalLink
FNDA:0,(anonymous_1)
DA:9,0
DA:15,0
DA:17,0
DA:19,0
LF:4
LH:0
BRDA:15,0,0,0
BRDA:15,0,1,0
BRF:2
BRH:0
end_of_record
TN:
SF:components\FoodIcon.tsx
FN:6,(anonymous_0)
FN:80,(anonymous_1)
FN:216,FoodIcon
FNF:3
FNH:3
FNDA:2,(anonymous_0)
FNDA:2,(anonymous_1)
FNDA:2,FoodIcon
DA:6,2
DA:7,2
DA:10,2
DA:11,2
DA:15,0
DA:20,0
DA:24,0
DA:25,0
DA:29,0
DA:36,0
DA:40,0
DA:45,0
DA:49,0
DA:56,0
DA:60,0
DA:67,0
DA:71,0
DA:72,0
DA:76,0
DA:80,2
DA:83,2
DA:85,2
DA:86,2
DA:89,0
DA:96,0
DA:99,0
DA:105,0
DA:108,0
DA:114,0
DA:117,0
DA:122,0
DA:125,0
DA:126,0
DA:129,0
DA:130,0
DA:133,0
DA:138,0
DA:141,0
DA:146,0
DA:149,0
DA:154,0
DA:157,0
DA:158,0
DA:161,0
DA:168,0
DA:171,0
DA:178,0
DA:181,0
DA:188,0
DA:191,0
DA:192,0
DA:195,0
DA:200,0
DA:204,0
DA:221,2
DA:222,2
DA:224,2
DA:237,2
LF:58
LH:12
BRDA:10,0,0,2
BRDA:10,0,1,0
BRDA:10,1,0,2
BRDA:10,1,1,0
BRDA:15,2,0,0
BRDA:15,2,1,0
BRDA:16,3,0,0
BRDA:16,3,1,0
BRDA:16,3,2,0
BRDA:24,4,0,0
BRDA:24,4,1,0
BRDA:29,5,0,0
BRDA:29,5,1,0
BRDA:30,6,0,0
BRDA:30,6,1,0
BRDA:30,6,2,0
BRDA:30,6,3,0
BRDA:30,6,4,0
BRDA:40,7,0,0
BRDA:40,7,1,0
BRDA:41,8,0,0
BRDA:41,8,1,0
BRDA:41,8,2,0
BRDA:49,9,0,0
BRDA:49,9,1,0
BRDA:50,10,0,0
BRDA:50,10,1,0
BRDA:50,10,2,0
BRDA:50,10,3,0
BRDA:50,10,4,0
BRDA:60,11,0,0
BRDA:60,11,1,0
BRDA:61,12,0,0
BRDA:61,12,1,0
BRDA:61,12,2,0
BRDA:61,12,3,0
BRDA:61,12,4,0
BRDA:71,13,0,0
BRDA:71,13,1,0
BRDA:85,14,0,2
BRDA:85,14,1,0
BRDA:85,15,0,2
BRDA:85,15,1,0
BRDA:89,16,0,0
BRDA:89,16,1,0
BRDA:90,17,0,0
BRDA:90,17,1,0
BRDA:90,17,2,0
BRDA:90,17,3,0
BRDA:90,17,4,0
BRDA:99,18,0,0
BRDA:99,18,1,0
BRDA:100,19,0,0
BRDA:100,19,1,0
BRDA:100,19,2,0
BRDA:100,19,3,0
BRDA:108,20,0,0
BRDA:108,20,1,0
BRDA:109,21,0,0
BRDA:109,21,1,0
BRDA:109,21,2,0
BRDA:109,21,3,0
BRDA:117,22,0,0
BRDA:117,22,1,0
BRDA:118,23,0,0
BRDA:118,23,1,0
BRDA:118,23,2,0
BRDA:125,24,0,0
BRDA:125,24,1,0
BRDA:129,25,0,0
BRDA:129,25,1,0
BRDA:133,26,0,0
BRDA:133,26,1,0
BRDA:134,27,0,0
BRDA:134,27,1,0
BRDA:134,27,2,0
BRDA:141,28,0,0
BRDA:141,28,1,0
BRDA:142,29,0,0
BRDA:142,29,1,0
BRDA:142,29,2,0
BRDA:149,30,0,0
BRDA:149,30,1,0
BRDA:150,31,0,0
BRDA:150,31,1,0
BRDA:150,31,2,0
BRDA:157,32,0,0
BRDA:157,32,1,0
BRDA:157,33,0,0
BRDA:157,33,1,0
BRDA:161,34,0,0
BRDA:161,34,1,0
BRDA:162,35,0,0
BRDA:162,35,1,0
BRDA:162,35,2,0
BRDA:162,35,3,0
BRDA:162,35,4,0
BRDA:171,36,0,0
BRDA:171,36,1,0
BRDA:172,37,0,0
BRDA:172,37,1,0
BRDA:172,37,2,0
BRDA:172,37,3,0
BRDA:172,37,4,0
BRDA:181,38,0,0
BRDA:181,38,1,0
BRDA:182,39,0,0
BRDA:182,39,1,0
BRDA:182,39,2,0
BRDA:182,39,3,0
BRDA:182,39,4,0
BRDA:191,40,0,0
BRDA:191,40,1,0
BRDA:195,41,0,0
BRDA:195,41,1,0
BRDA:196,42,0,0
BRDA:196,42,1,0
BRDA:196,42,2,0
BRDA:218,43,0,0
BRF:119
BRH:4
end_of_record
TN:
SF:components\HapticTab.tsx
FN:5,HapticTab
FN:9,(anonymous_1)
FNF:2
FNH:0
FNDA:0,HapticTab
FNDA:0,(anonymous_1)
DA:6,0
DA:10,0
DA:12,0
DA:14,0
LF:4
LH:0
BRDA:10,0,0,0
BRDA:10,0,1,0
BRF:2
BRH:0
end_of_record
TN:
SF:components\HelloWave.tsx
FN:13,HelloWave
FN:16,(anonymous_1)
FN:23,(anonymous_2)
FNF:3
FNH:0
FNDA:0,HelloWave
FNDA:0,(anonymous_1)
FNDA:0,(anonymous_2)
DA:14,0
DA:16,0
DA:17,0
DA:23,0
DA:27,0
DA:34,0
LF:6
LH:0
BRF:0
BRH:0
end_of_record
TN:
SF:components\InsightsCarousel.tsx
FN:26,(anonymous_0)
FN:37,(anonymous_1)
FN:54,(anonymous_2)
FN:87,(anonymous_3)
FN:97,(anonymous_4)
FN:122,(anonymous_5)
FN:127,(anonymous_6)
FN:216,(anonymous_7)
FNF:8
FNH:0
FNDA:0,(anonymous_0)
FNDA:0,(anonymous_1)
FNDA:0,(anonymous_2)
FNDA:0,(anonymous_3)
FNDA:0,(anonymous_4)
FNDA:0,(anonymous_5)
FNDA:0,(anonymous_6)
FNDA:0,(anonymous_7)
DA:16,1
DA:17,1
DA:26,1
DA:32,0
DA:33,0
DA:34,0
DA:37,0
DA:38,0
DA:40,0
DA:41,0
DA:43,0
DA:44,0
DA:45,0
DA:47,0
DA:48,0
DA:49,0
DA:50,0
DA:54,0
DA:55,0
DA:57,0
DA:62,0
DA:63,0
DA:68,0
DA:69,0
DA:74,0
DA:75,0
DA:80,0
DA:82,0
DA:87,0
DA:88,0
DA:89,0
DA:90,0
DA:94,0
DA:97,0
DA:98,0
DA:101,0
DA:102,0
DA:118,0
DA:122,0
DA:123,0
DA:127,0
DA:149,0
DA:175,0
DA:194,0
DA:197,0
DA:217,0
DA:230,1
LF:47
LH:4
BRDA:28,0,0,0
BRDA:29,1,0,0
BRDA:38,2,0,0
BRDA:38,2,1,0
BRDA:47,3,0,0
BRDA:47,3,1,0
BRDA:48,4,0,0
BRDA:48,4,1,0
BRDA:49,5,0,0
BRDA:49,5,1,0
BRDA:57,6,0,0
BRDA:57,6,1,0
BRDA:58,7,0,0
BRDA:58,7,1,0
BRDA:58,7,2,0
BRDA:63,8,0,0
BRDA:63,8,1,0
BRDA:64,9,0,0
BRDA:64,9,1,0
BRDA:64,9,2,0
BRDA:69,10,0,0
BRDA:69,10,1,0
BRDA:70,11,0,0
BRDA:70,11,1,0
BRDA:70,11,2,0
BRDA:75,12,0,0
BRDA:75,12,1,0
BRDA:76,13,0,0
BRDA:76,13,1,0
BRDA:76,13,2,0
BRDA:94,14,0,0
BRDA:94,14,1,0
BRDA:101,15,0,0
BRDA:101,15,1,0
BRDA:127,16,0,0
BRDA:127,16,1,0
BRDA:186,17,0,0
BRDA:186,17,1,0
BRDA:221,18,0,0
BRDA:221,18,1,0
BRF:40
BRH:0
end_of_record
TN:
SF:components\ItemEntryCard.tsx
FN:28,(anonymous_0)
FN:46,(anonymous_1)
FN:50,(anonymous_2)
FN:79,(anonymous_3)
FN:85,(anonymous_4)
FN:172,(anonymous_5)
FN:182,(anonymous_6)
FNF:7
FNH:2
FNDA:8,(anonymous_0)
FNDA:0,(anonymous_1)
FNDA:0,(anonymous_2)
FNDA:0,(anonymous_3)
FNDA:0,(anonymous_4)
FNDA:0,(anonymous_5)
FNDA:8,(anonymous_6)
DA:28,2
DA:39,8
DA:41,8
DA:42,8
DA:43,8
DA:44,8
DA:46,8
DA:47,0
DA:49,0
DA:59,0
DA:64,0
DA:65,0
DA:67,0
DA:68,0
DA:71,0
DA:72,0
DA:79,8
DA:80,0
DA:81,0
DA:85,8
DA:86,0
DA:87,0
DA:91,8
DA:172,0
DA:182,2
DA:183,8
DA:184,0
DA:191,8
DA:192,2
DA:199,6
DA:200,3
DA:207,3
DA:215,2
LF:33
LH:18
BRDA:30,0,0,0
BRDA:47,1,0,0
BRDA:47,1,1,0
BRDA:71,2,0,0
BRDA:71,2,1,0
BRDA:80,3,0,0
BRDA:80,3,1,0
BRDA:86,4,0,0
BRDA:86,4,1,0
BRDA:98,5,0,8
BRDA:98,5,1,5
BRDA:112,6,0,8
BRDA:112,6,1,7
BRDA:154,7,0,8
BRDA:154,7,1,4
BRDA:154,7,2,4
BRDA:154,7,3,4
BRDA:169,8,0,8
BRDA:169,8,1,0
BRDA:183,9,0,0
BRDA:183,9,1,8
BRDA:191,10,0,2
BRDA:191,10,1,6
BRDA:191,11,0,8
BRDA:191,11,1,8
BRDA:199,12,0,3
BRDA:199,12,1,3
BRF:27
BRH:16
end_of_record
TN:
SF:components\ItemGroupCard.tsx
FN:51,(anonymous_0)
FN:72,(anonymous_1)
FN:92,(anonymous_2)
FN:114,(anonymous_3)
FN:144,(anonymous_4)
FN:162,(anonymous_5)
FN:180,(anonymous_6)
FN:183,(anonymous_7)
FN:198,(anonymous_8)
FN:247,(anonymous_9)
FN:262,(anonymous_10)
FN:268,(anonymous_11)
FN:269,(anonymous_12)
FN:270,(anonymous_13)
FN:272,(anonymous_14)
FN:275,(anonymous_15)
FN:278,(anonymous_16)
FNF:17
FNH:9
FNDA:2,(anonymous_0)
FNDA:2,(anonymous_1)
FNDA:0,(anonymous_2)
FNDA:4,(anonymous_3)
FNDA:2,(anonymous_4)
FNDA:2,(anonymous_5)
FNDA:4,(anonymous_6)
FNDA:2,(anonymous_7)
FNDA:6,(anonymous_8)
FNDA:0,(anonymous_9)
FNDA:4,(anonymous_10)
FNDA:0,(anonymous_11)
FNDA:0,(anonymous_12)
FNDA:0,(anonymous_13)
FNDA:0,(anonymous_14)
FNDA:0,(anonymous_15)
FNDA:0,(anonymous_16)
DA:17,2
DA:18,0
DA:19,0
DA:51,2
DA:64,2
DA:67,2
DA:72,2
DA:74,2
DA:82,2
DA:86,2
DA:92,2
DA:93,0
DA:95,0
DA:96,0
DA:97,0
DA:99,0
DA:100,0
DA:102,0
DA:103,0
DA:105,0
DA:106,0
DA:107,0
DA:108,0
DA:110,0
DA:114,2
DA:115,4
DA:120,4
DA:121,8
DA:123,8
DA:124,8
DA:125,8
DA:127,8
DA:128,8
DA:130,8
DA:131,4
DA:135,4
DA:137,4
DA:138,4
DA:139,4
DA:140,0
DA:144,2
DA:145,2
DA:147,2
DA:149,0
DA:151,0
DA:153,2
DA:155,0
DA:157,0
DA:162,2
DA:163,2
DA:165,2
DA:167,0
DA:169,0
DA:171,2
DA:173,0
DA:175,0
DA:180,4
DA:183,2
DA:185,2
DA:188,2
DA:191,2
DA:194,2
DA:196,2
DA:199,6
DA:215,2
DA:216,2
DA:218,2
DA:247,0
DA:263,4
DA:268,0
DA:269,0
DA:270,0
DA:272,0
DA:275,0
DA:278,0
DA:292,2
LF:76
LH:45
BRDA:17,0,0,0
BRDA:17,0,1,2
BRDA:18,1,0,0
BRDA:18,1,1,0
BRDA:61,2,0,0
BRDA:68,3,0,2
BRDA:68,3,1,0
BRDA:75,4,0,2
BRDA:75,4,1,0
BRDA:93,5,0,0
BRDA:93,5,1,0
BRDA:105,6,0,0
BRDA:105,6,1,0
BRDA:106,7,0,0
BRDA:106,7,1,0
BRDA:107,8,0,0
BRDA:107,8,1,0
BRDA:108,9,0,0
BRDA:108,9,1,0
BRDA:115,10,0,0
BRDA:115,10,1,4
BRDA:121,11,0,0
BRDA:121,11,1,8
BRDA:130,12,0,4
BRDA:130,12,1,4
BRDA:130,13,0,8
BRDA:130,13,1,4
BRDA:135,14,0,0
BRDA:135,14,1,4
BRDA:137,15,0,0
BRDA:137,15,1,4
BRDA:138,16,0,0
BRDA:138,16,1,4
BRDA:139,17,0,4
BRDA:139,17,1,0
BRDA:147,18,0,0
BRDA:147,18,1,0
BRDA:147,18,2,2
BRDA:147,18,3,0
BRDA:147,18,4,0
BRDA:165,19,0,0
BRDA:165,19,1,0
BRDA:165,19,2,2
BRDA:165,19,3,0
BRDA:165,19,4,0
BRDA:205,20,0,2
BRDA:205,20,1,0
BRDA:225,21,0,2
BRDA:225,21,1,2
BRDA:237,22,0,0
BRDA:237,22,1,2
BRDA:248,23,0,2
BRDA:248,23,1,0
BRDA:260,24,0,2
BRDA:260,24,1,2
BRDA:272,25,0,0
BRDA:272,25,1,4
BRDA:275,26,0,0
BRDA:275,26,1,4
BRDA:278,27,0,0
BRDA:278,27,1,4
BRF:61
BRH:25
end_of_record
TN:
SF:components\ParallaxScrollView.tsx
FN:21,ParallaxScrollView
FN:30,(anonymous_1)
FNF:2
FNH:0
FNDA:0,ParallaxScrollView
FNDA:0,(anonymous_1)
DA:14,0
DA:26,0
DA:27,0
DA:28,0
DA:29,0
DA:30,0
DA:31,0
DA:47,0
DA:68,0
LF:9
LH:0
BRDA:26,0,0,0
BRDA:26,0,1,0
BRF:2
BRH:0
end_of_record
TN:
SF:components\QuantitySelector.tsx
FN:14,(anonymous_0)
FN:22,(anonymous_1)
FN:30,(anonymous_2)
FNF:3
FNH:0
FNDA:0,(anonymous_0)
FNDA:0,(anonymous_1)
FNDA:0,(anonymous_2)
DA:14,0
DA:20,0
DA:22,0
DA:23,0
DA:24,0
DA:25,0
DA:26,0
DA:30,0
DA:31,0
DA:32,0
DA:33,0
DA:34,0
DA:38,0
DA:83,0
LF:14
LH:0
BRDA:15,0,0,0
BRDA:16,1,0,0
BRDA:17,2,0,0
BRDA:23,3,0,0
BRDA:23,3,1,0
BRDA:31,4,0,0
BRDA:31,4,1,0
BRDA:52,5,0,0
BRDA:52,5,1,0
BRDA:72,6,0,0
BRDA:72,6,1,0
BRF:11
BRH:0
end_of_record
TN:
SF:components\SafeAreaWrapper.tsx
FN:25,(anonymous_0)
FNF:1
FNH:1
FNDA:2,(anonymous_0)
DA:25,4
DA:32,2
DA:34,2
DA:36,1
DA:43,1
DA:50,1
DA:57,4
LF:7
LH:7
BRDA:27,0,0,1
BRDA:29,1,0,1
BRDA:34,2,0,1
BRDA:34,2,1,1
BRDA:37,3,0,1
BRDA:37,3,1,0
BRDA:38,4,0,0
BRDA:38,4,1,1
BRDA:39,5,0,1
BRDA:39,5,1,0
BRDA:40,6,0,0
BRDA:40,6,1,1
BRF:12
BRH:8
end_of_record
TN:
SF:components\SafeText.tsx
FN:5,(anonymous_0)
FN:11,(anonymous_1)
FNF:2
FNH:0
FNDA:0,(anonymous_0)
FNDA:0,(anonymous_1)
DA:5,0
DA:11,0
DA:12,0
DA:13,0
DA:15,0
DA:18,0
LF:6
LH:0
BRDA:12,0,0,0
BRDA:12,0,1,0
BRDA:12,1,0,0
BRDA:12,1,1,0
BRDA:22,2,0,0
BRDA:22,2,1,0
BRF:6
BRH:0
end_of_record
TN:
SF:components\SplashScreen.tsx
FN:9,SplashScreen
FN:12,(anonymous_1)
FN:14,(anonymous_2)
FN:18,(anonymous_3)
FNF:4
FNH:0
FNDA:0,SplashScreen
FNDA:0,(anonymous_1)
FNDA:0,(anonymous_2)
FNDA:0,(anonymous_3)
DA:5,0
DA:7,0
DA:10,0
DA:12,0
DA:14,0
DA:15,0
DA:18,0
DA:21,0
DA:34,0
LF:9
LH:0
BRF:0
BRH:0
end_of_record
TN:
SF:components\ThemedText.tsx
FN:11,ThemedText
FNF:1
FNH:0
FNDA:0,ThemedText
DA:18,0
DA:20,0
DA:36,0
LF:3
LH:0
BRDA:15,0,0,0
BRDA:24,1,0,0
BRDA:24,1,1,0
BRDA:25,2,0,0
BRDA:25,2,1,0
BRDA:26,3,0,0
BRDA:26,3,1,0
BRDA:27,4,0,0
BRDA:27,4,1,0
BRDA:28,5,0,0
BRDA:28,5,1,0
BRF:11
BRH:0
end_of_record
TN:
SF:components\ThemedView.tsx
FN:20,ThemedView
FNF:1
FNH:1
FNDA:3,ThemedView
DA:28,3
DA:29,3
DA:34,3
DA:36,3
DA:37,0
DA:42,3
DA:45,1
LF:7
LH:6
BRDA:25,0,0,3
BRDA:26,1,0,3
BRDA:36,2,0,0
BRDA:36,2,1,3
BRF:4
BRH:3
end_of_record
TN:
SF:components\TipCard.tsx
FN:13,(anonymous_0)
FN:15,(anonymous_1)
FNF:2
FNH:0
FNDA:0,(anonymous_0)
FNDA:0,(anonymous_1)
DA:13,1
DA:15,0
DA:16,0
DA:18,0
DA:20,0
DA:22,0
DA:24,0
DA:26,0
DA:28,0
DA:32,0
DA:45,1
LF:11
LH:2
BRDA:16,0,0,0
BRDA:16,0,1,0
BRDA:16,0,2,0
BRDA:16,0,3,0
BRDA:16,0,4,0
BRDA:16,0,5,0
BRF:6
BRH:0
end_of_record
TN:
SF:components\ui\IconSymbol.ios.tsx
FN:4,IconSymbol
FNF:1
FNH:0
FNDA:0,IconSymbol
DA:17,0
LF:1
LH:0
BRDA:6,0,0,0
BRDA:9,1,0,0
BRF:2
BRH:0
end_of_record
TN:
SF:components\ui\IconSymbol.tsx
FN:34,IconSymbol
FNF:1
FNH:0
FNDA:0,IconSymbol
DA:19,0
DA:47,0
DA:48,0
DA:57,0
LF:4
LH:0
BRDA:36,0,0,0
BRDA:47,1,0,0
BRDA:47,1,1,0
BRF:3
BRH:0
end_of_record
TN:
SF:components\ui\TabBarBackground.ios.tsx
FN:5,BlurTabBarBackground
FN:17,useBottomTabOverflow
FNF:2
FNH:0
FNDA:0,BlurTabBarBackground
FNDA:0,useBottomTabOverflow
DA:6,0
DA:18,0
LF:2
LH:0
BRF:0
BRH:0
end_of_record
TN:
SF:components\ui\TabBarBackground.tsx
FN:4,useBottomTabOverflow
FNF:1
FNH:0
FNDA:0,useBottomTabOverflow
DA:5,0
LF:1
LH:0
BRF:0
BRH:0
end_of_record
TN:
SF:contexts\AuthContext.tsx
FN:17,AuthProvider
FN:22,(anonymous_1)
FN:24,(anonymous_2)
FN:32,(anonymous_3)
FN:38,(anonymous_4)
FN:43,(anonymous_5)
FN:56,(anonymous_6)
FN:81,(anonymous_7)
FN:100,useAuth
FNF:9
FNH:8
FNDA:10,AuthProvider
FNDA:5,(anonymous_1)
FNDA:5,(anonymous_2)
FNDA:0,(anonymous_3)
FNDA:5,(anonymous_4)
FNDA:2,(anonymous_5)
FNDA:1,(anonymous_6)
FNDA:1,(anonymous_7)
FNDA:10,useAuth
DA:15,2
DA:18,10
DA:19,10
DA:20,10
DA:22,10
DA:24,5
DA:25,5
DA:26,5
DA:27,5
DA:31,5
DA:33,0
DA:34,0
DA:38,5
DA:39,5
DA:43,10
DA:44,2
DA:45,2
DA:49,2
DA:51,1
DA:52,1
DA:56,10
DA:57,1
DA:58,1
DA:66,1
DA:68,1
DA:70,1
DA:76,0
DA:77,0
DA:81,10
DA:82,1
DA:83,1
DA:84,1
DA:86,0
DA:87,0
DA:91,10
DA:101,10
DA:102,10
DA:103,0
DA:105,10
LF:39
LH:32
BRDA:26,0,0,5
BRDA:26,0,1,5
BRDA:34,1,0,0
BRDA:34,1,1,0
BRDA:49,2,0,1
BRDA:49,2,1,1
BRDA:66,3,0,0
BRDA:66,3,1,1
BRDA:68,4,0,1
BRDA:68,4,1,0
BRDA:68,5,0,1
BRDA:68,5,1,1
BRDA:84,6,0,0
BRDA:84,6,1,1
BRDA:102,7,0,0
BRDA:102,7,1,10
BRF:16
BRH:10
end_of_record
TN:
SF:contexts\SettingsContext.tsx
FN:51,(anonymous_0)
FN:54,(anonymous_1)
FN:56,(anonymous_2)
FN:58,(anonymous_3)
FN:60,(anonymous_4)
FN:62,(anonymous_5)
FN:64,(anonymous_6)
FN:66,(anonymous_7)
FN:70,SettingsProvider
FN:88,(anonymous_9)
FN:89,(anonymous_10)
FN:155,(anonymous_11)
FN:164,(anonymous_12)
FN:173,(anonymous_13)
FN:182,(anonymous_14)
FN:194,(anonymous_15)
FN:203,(anonymous_16)
FN:212,(anonymous_17)
FN:221,(anonymous_18)
FN:259,useSettings
FNF:20
FNH:0
FNDA:0,(anonymous_0)
FNDA:0,(anonymous_1)
FNDA:0,(anonymous_2)
FNDA:0,(anonymous_3)
FNDA:0,(anonymous_4)
FNDA:0,(anonymous_5)
FNDA:0,(anonymous_6)
FNDA:0,(anonymous_7)
FNDA:0,SettingsProvider
FNDA:0,(anonymous_9)
FNDA:0,(anonymous_10)
FNDA:0,(anonymous_11)
FNDA:0,(anonymous_12)
FNDA:0,(anonymous_13)
FNDA:0,(anonymous_14)
FNDA:0,(anonymous_15)
FNDA:0,(anonymous_16)
FNDA:0,(anonymous_17)
FNDA:0,(anonymous_18)
FNDA:0,useSettings
DA:37,1
DA:49,1
DA:72,0
DA:75,0
DA:76,0
DA:77,0
DA:78,0
DA:79,0
DA:80,0
DA:81,0
DA:82,0
DA:85,0
DA:88,0
DA:89,0
DA:90,0
DA:92,0
DA:93,0
DA:94,0
DA:98,0
DA:99,0
DA:100,0
DA:104,0
DA:107,0
DA:108,0
DA:111,0
DA:114,0
DA:115,0
DA:118,0
DA:121,0
DA:122,0
DA:125,0
DA:128,0
DA:129,0
DA:133,0
DA:136,0
DA:137,0
DA:140,0
DA:143,0
DA:144,0
DA:147,0
DA:151,0
DA:155,0
DA:156,0
DA:157,0
DA:158,0
DA:160,0
DA:164,0
DA:165,0
DA:166,0
DA:167,0
DA:169,0
DA:173,0
DA:174,0
DA:175,0
DA:176,0
DA:178,0
DA:182,0
DA:183,0
DA:184,0
DA:188,0
DA:190,0
DA:194,0
DA:195,0
DA:196,0
DA:197,0
DA:199,0
DA:203,0
DA:204,0
DA:205,0
DA:206,0
DA:208,0
DA:212,0
DA:213,0
DA:214,0
DA:215,0
DA:217,0
DA:221,0
DA:222,0
DA:223,0
DA:224,0
DA:226,0
DA:231,0
DA:251,0
DA:260,0
DA:261,0
DA:262,0
DA:264,0
LF:87
LH:2
BRDA:85,0,0,0
BRDA:85,0,1,0
BRDA:85,1,0,0
BRDA:85,1,1,0
BRDA:93,2,0,0
BRDA:93,2,1,0
BRDA:99,3,0,0
BRDA:99,3,1,0
BRDA:107,4,0,0
BRDA:107,4,1,0
BRDA:114,5,0,0
BRDA:114,5,1,0
BRDA:121,6,0,0
BRDA:121,6,1,0
BRDA:128,7,0,0
BRDA:128,7,1,0
BRDA:136,8,0,0
BRDA:136,8,1,0
BRDA:143,9,0,0
BRDA:143,9,1,0
BRDA:261,10,0,0
BRDA:261,10,1,0
BRF:22
BRH:0
end_of_record
TN:
SF:contexts\TipsContext.tsx
FN:13,(anonymous_0)
FN:16,(anonymous_1)
FN:26,(anonymous_2)
FN:31,(anonymous_3)
FN:36,(anonymous_4)
FN:42,(anonymous_5)
FN:51,(anonymous_6)
FN:65,(anonymous_7)
FN:79,(anonymous_8)
FN:95,(anonymous_9)
FNF:10
FNH:0
FNDA:0,(anonymous_0)
FNDA:0,(anonymous_1)
FNDA:0,(anonymous_2)
FNDA:0,(anonymous_3)
FNDA:0,(anonymous_4)
FNDA:0,(anonymous_5)
FNDA:0,(anonymous_6)
FNDA:0,(anonymous_7)
FNDA:0,(anonymous_8)
FNDA:0,(anonymous_9)
DA:11,1
DA:16,1
DA:19,0
DA:20,0
DA:21,0
DA:26,0
DA:27,0
DA:31,0
DA:32,0
DA:36,0
DA:37,0
DA:42,0
DA:44,0
DA:45,0
DA:47,0
DA:51,0
DA:52,0
DA:53,0
DA:54,0
DA:55,0
DA:57,0
DA:60,0
DA:65,0
DA:66,0
DA:67,0
DA:68,0
DA:69,0
DA:71,0
DA:74,0
DA:79,0
DA:80,0
DA:81,0
DA:83,0
DA:87,0
DA:92,0
DA:95,1
LF:36
LH:3
BRDA:44,0,0,0
BRDA:44,0,1,0
BRDA:44,1,0,0
BRDA:44,1,1,0
BRDA:52,2,0,0
BRDA:52,2,1,0
BRDA:66,3,0,0
BRDA:66,3,1,0
BRDA:80,4,0,0
BRDA:80,4,1,0
BRF:10
BRH:0
end_of_record
TN:
SF:hooks\useColorScheme.ts
FNF:0
FNH:0
LF:0
LH:0
BRF:0
BRH:0
end_of_record
TN:
SF:hooks\useColorScheme.web.ts
FN:7,useColorScheme
FN:10,(anonymous_1)
FNF:2
FNH:0
FNDA:0,useColorScheme
FNDA:0,(anonymous_1)
DA:8,0
DA:10,0
DA:11,0
DA:14,0
DA:16,0
DA:17,0
DA:20,0
LF:7
LH:0
BRDA:16,0,0,0
BRDA:16,0,1,0
BRF:2
BRH:0
end_of_record
TN:
SF:hooks\useThemeColor.ts
FN:9,useThemeColor
FNF:1
FNH:0
FNDA:0,useThemeColor
DA:13,0
DA:14,0
DA:16,0
DA:17,0
DA:19,0
LF:5
LH:0
BRDA:13,0,0,0
BRDA:13,0,1,0
BRDA:16,1,0,0
BRDA:16,1,1,0
BRF:4
BRH:0
end_of_record
TN:
SF:lib\supabase.ts
FNF:0
FNH:0
DA:5,0
DA:6,0
DA:8,0
DA:9,0
DA:12,0
LF:5
LH:0
BRDA:5,0,0,0
BRDA:5,0,1,0
BRDA:6,1,0,0
BRDA:6,1,1,0
BRDA:8,2,0,0
BRDA:8,2,1,0
BRDA:8,3,0,0
BRDA:8,3,1,0
BRF:8
BRH:0
end_of_record
